  CBillBoard.cpp
C:\Users\hiram\OneDrive\デスクトップ\ゲーム制作２\Git\ゲーム制作３\16Hiramoto\3Dプログラミング応用\ゲームプログラミング実習2021_vs2019\GameProgramming\CModelX.h(69,21): warning C4018: '<': signed と unsigned の数値を比較しようとしました。
C:\Users\hiram\OneDrive\デスクトップ\ゲーム制作２\Git\ゲーム制作３\16Hiramoto\3Dプログラミング応用\ゲームプログラミング実習2021_vs2019\GameProgramming\CModelX.h(150,21): warning C4018: '<': signed と unsigned の数値を比較しようとしました。
  CBullet.cpp
C:\Users\hiram\OneDrive\デスクトップ\ゲーム制作２\Git\ゲーム制作３\16Hiramoto\3Dプログラミング応用\ゲームプログラミング実習2021_vs2019\GameProgramming\CModelX.h(69,21): warning C4018: '<': signed と unsigned の数値を比較しようとしました。
C:\Users\hiram\OneDrive\デスクトップ\ゲーム制作２\Git\ゲーム制作３\16Hiramoto\3Dプログラミング応用\ゲームプログラミング実習2021_vs2019\GameProgramming\CModelX.h(150,21): warning C4018: '<': signed と unsigned の数値を比較しようとしました。
  CCharacter.cpp
C:\Users\hiram\OneDrive\デスクトップ\ゲーム制作２\Git\ゲーム制作３\16Hiramoto\3Dプログラミング応用\ゲームプログラミング実習2021_vs2019\GameProgramming\CModelX.h(69,21): warning C4018: '<': signed と unsigned の数値を比較しようとしました。
C:\Users\hiram\OneDrive\デスクトップ\ゲーム制作２\Git\ゲーム制作３\16Hiramoto\3Dプログラミング応用\ゲームプログラミング実習2021_vs2019\GameProgramming\CModelX.h(150,21): warning C4018: '<': signed と unsigned の数値を比較しようとしました。
  CCollider.cpp
C:\Users\hiram\OneDrive\デスクトップ\ゲーム制作２\Git\ゲーム制作３\16Hiramoto\3Dプログラミング応用\ゲームプログラミング実習2021_vs2019\GameProgramming\CModelX.h(69,21): warning C4018: '<': signed と unsigned の数値を比較しようとしました。
C:\Users\hiram\OneDrive\デスクトップ\ゲーム制作２\Git\ゲーム制作３\16Hiramoto\3Dプログラミング応用\ゲームプログラミング実習2021_vs2019\GameProgramming\CModelX.h(150,21): warning C4018: '<': signed と unsigned の数値を比較しようとしました。
  CColliderLine.cpp
C:\Users\hiram\OneDrive\デスクトップ\ゲーム制作２\Git\ゲーム制作３\16Hiramoto\3Dプログラミング応用\ゲームプログラミング実習2021_vs2019\GameProgramming\CModelX.h(69,21): warning C4018: '<': signed と unsigned の数値を比較しようとしました。
C:\Users\hiram\OneDrive\デスクトップ\ゲーム制作２\Git\ゲーム制作３\16Hiramoto\3Dプログラミング応用\ゲームプログラミング実習2021_vs2019\GameProgramming\CModelX.h(150,21): warning C4018: '<': signed と unsigned の数値を比較しようとしました。
  CColliderMesh.cpp
C:\Users\hiram\OneDrive\デスクトップ\ゲーム制作２\Git\ゲーム制作３\16Hiramoto\3Dプログラミング応用\ゲームプログラミング実習2021_vs2019\GameProgramming\CModelX.h(69,21): warning C4018: '<': signed と unsigned の数値を比較しようとしました。
C:\Users\hiram\OneDrive\デスクトップ\ゲーム制作２\Git\ゲーム制作３\16Hiramoto\3Dプログラミング応用\ゲームプログラミング実習2021_vs2019\GameProgramming\CModelX.h(150,21): warning C4018: '<': signed と unsigned の数値を比較しようとしました。
C:\Users\hiram\OneDrive\デスクトップ\ゲーム制作２\Git\ゲーム制作３\16Hiramoto\3Dプログラミング応用\ゲームプログラミング実習2021_vs2019\GameProgramming\CColliderMesh.cpp(21,20): warning C4018: '<': signed と unsigned の数値を比較しようとしました。
  CColliderTriangle.cpp
C:\Users\hiram\OneDrive\デスクトップ\ゲーム制作２\Git\ゲーム制作３\16Hiramoto\3Dプログラミング応用\ゲームプログラミング実習2021_vs2019\GameProgramming\CModelX.h(69,21): warning C4018: '<': signed と unsigned の数値を比較しようとしました。
C:\Users\hiram\OneDrive\デスクトップ\ゲーム制作２\Git\ゲーム制作３\16Hiramoto\3Dプログラミング応用\ゲームプログラミング実習2021_vs2019\GameProgramming\CModelX.h(150,21): warning C4018: '<': signed と unsigned の数値を比較しようとしました。
  CCollisionManager.cpp
C:\Users\hiram\OneDrive\デスクトップ\ゲーム制作２\Git\ゲーム制作３\16Hiramoto\3Dプログラミング応用\ゲームプログラミング実習2021_vs2019\GameProgramming\CModelX.h(69,21): warning C4018: '<': signed と unsigned の数値を比較しようとしました。
C:\Users\hiram\OneDrive\デスクトップ\ゲーム制作２\Git\ゲーム制作３\16Hiramoto\3Dプログラミング応用\ゲームプログラミング実習2021_vs2019\GameProgramming\CModelX.h(150,21): warning C4018: '<': signed と unsigned の数値を比較しようとしました。
  CEffect.cpp
C:\Users\hiram\OneDrive\デスクトップ\ゲーム制作２\Git\ゲーム制作３\16Hiramoto\3Dプログラミング応用\ゲームプログラミング実習2021_vs2019\GameProgramming\CModelX.h(69,21): warning C4018: '<': signed と unsigned の数値を比較しようとしました。
C:\Users\hiram\OneDrive\デスクトップ\ゲーム制作２\Git\ゲーム制作３\16Hiramoto\3Dプログラミング応用\ゲームプログラミング実習2021_vs2019\GameProgramming\CModelX.h(150,21): warning C4018: '<': signed と unsigned の数値を比較しようとしました。
  CEnemy.cpp
C:\Users\hiram\OneDrive\デスクトップ\ゲーム制作２\Git\ゲーム制作３\16Hiramoto\3Dプログラミング応用\ゲームプログラミング実習2021_vs2019\GameProgramming\CModelX.h(69,21): warning C4018: '<': signed と unsigned の数値を比較しようとしました。
C:\Users\hiram\OneDrive\デスクトップ\ゲーム制作２\Git\ゲーム制作３\16Hiramoto\3Dプログラミング応用\ゲームプログラミング実習2021_vs2019\GameProgramming\CModelX.h(150,21): warning C4018: '<': signed と unsigned の数値を比較しようとしました。
  CEnemy2.cpp
C:\Users\hiram\OneDrive\デスクトップ\ゲーム制作２\Git\ゲーム制作３\16Hiramoto\3Dプログラミング応用\ゲームプログラミング実習2021_vs2019\GameProgramming\CModelX.h(69,21): warning C4018: '<': signed と unsigned の数値を比較しようとしました。
C:\Users\hiram\OneDrive\デスクトップ\ゲーム制作２\Git\ゲーム制作３\16Hiramoto\3Dプログラミング応用\ゲームプログラミング実習2021_vs2019\GameProgramming\CModelX.h(150,21): warning C4018: '<': signed と unsigned の数値を比較しようとしました。
  CMap.cpp
C:\Users\hiram\OneDrive\デスクトップ\ゲーム制作２\Git\ゲーム制作３\16Hiramoto\3Dプログラミング応用\ゲームプログラミング実習2021_vs2019\GameProgramming\CModelX.h(69,21): warning C4018: '<': signed と unsigned の数値を比較しようとしました。
C:\Users\hiram\OneDrive\デスクトップ\ゲーム制作２\Git\ゲーム制作３\16Hiramoto\3Dプログラミング応用\ゲームプログラミング実習2021_vs2019\GameProgramming\CModelX.h(150,21): warning C4018: '<': signed と unsigned の数値を比較しようとしました。
  CMaterial.cpp
C:\Users\hiram\OneDrive\デスクトップ\ゲーム制作２\Git\ゲーム制作３\16Hiramoto\3Dプログラミング応用\ゲームプログラミング実習2021_vs2019\GameProgramming\CModelX.h(69,21): warning C4018: '<': signed と unsigned の数値を比較しようとしました。
C:\Users\hiram\OneDrive\デスクトップ\ゲーム制作２\Git\ゲーム制作３\16Hiramoto\3Dプログラミング応用\ゲームプログラミング実習2021_vs2019\GameProgramming\CModelX.h(150,21): warning C4018: '<': signed と unsigned の数値を比較しようとしました。
C:\Users\hiram\OneDrive\デスクトップ\ゲーム制作２\Git\ゲーム制作３\16Hiramoto\3Dプログラミング応用\ゲームプログラミング実習2021_vs2019\GameProgramming\CMaterial.cpp(66,3): warning C4996: 'strcpy': This function or variable may be unsafe. Consider using strcpy_s instead. To disable deprecation, use _CRT_SECURE_NO_WARNINGS. See online help for details.
C:\Users\hiram\OneDrive\デスクトップ\ゲーム制作２\Git\ゲーム制作３\16Hiramoto\3Dプログラミング応用\ゲームプログラミング実習2021_vs2019\GameProgramming\CMaterial.cpp(91,3): warning C4996: 'strcpy': This function or variable may be unsafe. Consider using strcpy_s instead. To disable deprecation, use _CRT_SECURE_NO_WARNINGS. See online help for details.
  CModel.cpp
C:\Users\hiram\OneDrive\デスクトップ\ゲーム制作２\Git\ゲーム制作３\16Hiramoto\3Dプログラミング応用\ゲームプログラミング実習2021_vs2019\GameProgramming\CModelX.h(69,21): warning C4018: '<': signed と unsigned の数値を比較しようとしました。
C:\Users\hiram\OneDrive\デスクトップ\ゲーム制作２\Git\ゲーム制作３\16Hiramoto\3Dプログラミング応用\ゲームプログラミング実習2021_vs2019\GameProgramming\CModelX.h(150,21): warning C4018: '<': signed と unsigned の数値を比較しようとしました。
C:\Users\hiram\OneDrive\デスクトップ\ゲーム制作２\Git\ゲーム制作３\16Hiramoto\3Dプログラミング応用\ゲームプログラミング実習2021_vs2019\GameProgramming\CModel.cpp(186,20): warning C4018: '<': signed と unsigned の数値を比較しようとしました。
C:\Users\hiram\OneDrive\デスクトップ\ゲーム制作２\Git\ゲーム制作３\16Hiramoto\3Dプログラミング応用\ゲームプログラミング実習2021_vs2019\GameProgramming\CModel.cpp(188,21): warning C4018: '<': signed と unsigned の数値を比較しようとしました。
C:\Users\hiram\OneDrive\デスクトップ\ゲーム制作２\Git\ゲーム制作３\16Hiramoto\3Dプログラミング応用\ゲームプログラミング実習2021_vs2019\GameProgramming\CModel.cpp(28,7): warning C4996: 'fopen': This function or variable may be unsafe. Consider using fopen_s instead. To disable deprecation, use _CRT_SECURE_NO_WARNINGS. See online help for details.
C:\Users\hiram\OneDrive\デスクトップ\ゲーム制作２\Git\ゲーム制作３\16Hiramoto\3Dプログラミング応用\ゲームプログラミング実習2021_vs2019\GameProgramming\CModel.cpp(49,9): warning C4996: 'sscanf': This function or variable may be unsafe. Consider using sscanf_s instead. To disable deprecation, use _CRT_SECURE_NO_WARNINGS. See online help for details.
C:\Users\hiram\OneDrive\デスクトップ\ゲーム制作２\Git\ゲーム制作３\16Hiramoto\3Dプログラミング応用\ゲームプログラミング実習2021_vs2019\GameProgramming\CModel.cpp(54,4): warning C4996: 'strncpy': This function or variable may be unsafe. Consider using strncpy_s instead. To disable deprecation, use _CRT_SECURE_NO_WARNINGS. See online help for details.
C:\Users\hiram\OneDrive\デスクトップ\ゲーム制作２\Git\ゲーム制作３\16Hiramoto\3Dプログラミング応用\ゲームプログラミング実習2021_vs2019\GameProgramming\CModel.cpp(82,7): warning C4996: 'fopen': This function or variable may be unsafe. Consider using fopen_s instead. To disable deprecation, use _CRT_SECURE_NO_WARNINGS. See online help for details.
C:\Users\hiram\OneDrive\デスクトップ\ゲーム制作２\Git\ゲーム制作３\16Hiramoto\3Dプログラミング応用\ゲームプログラミング実習2021_vs2019\GameProgramming\CModel.cpp(100,9): warning C4996: 'sscanf': This function or variable may be unsafe. Consider using sscanf_s instead. To disable deprecation, use _CRT_SECURE_NO_WARNINGS. See online help for details.
C:\Users\hiram\OneDrive\デスクトップ\ゲーム制作２\Git\ゲーム制作３\16Hiramoto\3Dプログラミング応用\ゲームプログラミング実習2021_vs2019\GameProgramming\CModel.cpp(122,11): warning C4996: 'sscanf': This function or variable may be unsafe. Consider using sscanf_s instead. To disable deprecation, use _CRT_SECURE_NO_WARNINGS. See online help for details.
C:\Users\hiram\OneDrive\デスクトップ\ゲーム制作２\Git\ゲーム制作３\16Hiramoto\3Dプログラミング応用\ゲームプログラミング実習2021_vs2019\GameProgramming\CModel.cpp(123,11): warning C4996: 'sscanf': This function or variable may be unsafe. Consider using sscanf_s instead. To disable deprecation, use _CRT_SECURE_NO_WARNINGS. See online help for details.
C:\Users\hiram\OneDrive\デスクトップ\ゲーム制作２\Git\ゲーム制作３\16Hiramoto\3Dプログラミング応用\ゲームプログラミング実習2021_vs2019\GameProgramming\CModel.cpp(124,11): warning C4996: 'sscanf': This function or variable may be unsafe. Consider using sscanf_s instead. To disable deprecation, use _CRT_SECURE_NO_WARNINGS. See online help for details.
C:\Users\hiram\OneDrive\デスクトップ\ゲーム制作２\Git\ゲーム制作３\16Hiramoto\3Dプログラミング応用\ゲームプログラミング実習2021_vs2019\GameProgramming\CModel.cpp(138,11): warning C4996: 'sscanf': This function or variable may be unsafe. Consider using sscanf_s instead. To disable deprecation, use _CRT_SECURE_NO_WARNINGS. See online help for details.
C:\Users\hiram\OneDrive\デスクトップ\ゲーム制作２\Git\ゲーム制作３\16Hiramoto\3Dプログラミング応用\ゲームプログラミング実習2021_vs2019\GameProgramming\CModel.cpp(139,11): warning C4996: 'sscanf': This function or variable may be unsafe. Consider using sscanf_s instead. To disable deprecation, use _CRT_SECURE_NO_WARNINGS. See online help for details.
C:\Users\hiram\OneDrive\デスクトップ\ゲーム制作２\Git\ゲーム制作３\16Hiramoto\3Dプログラミング応用\ゲームプログラミング実習2021_vs2019\GameProgramming\CModel.cpp(140,11): warning C4996: 'sscanf': This function or variable may be unsafe. Consider using sscanf_s instead. To disable deprecation, use _CRT_SECURE_NO_WARNINGS. See online help for details.
C:\Users\hiram\OneDrive\デスクトップ\ゲーム制作２\Git\ゲーム制作３\16Hiramoto\3Dプログラミング応用\ゲームプログラミング実習2021_vs2019\GameProgramming\CModel.cpp(231,20): warning C4018: '<': signed と unsigned の数値を比較しようとしました。
C:\Users\hiram\OneDrive\デスクトップ\ゲーム制作２\Git\ゲーム制作３\16Hiramoto\3Dプログラミング応用\ゲームプログラミング実習2021_vs2019\GameProgramming\CModel.cpp(243,20): warning C4018: '<': signed と unsigned の数値を比較しようとしました。
C:\Users\hiram\OneDrive\デスクトップ\ゲーム制作２\Git\ゲーム制作３\16Hiramoto\3Dプログラミング応用\ゲームプログラミング実習2021_vs2019\GameProgramming\CModel.cpp(284,20): warning C4018: '<': signed と unsigned の数値を比較しようとしました。
  CModelX.cpp
C:\Users\hiram\OneDrive\デスクトップ\ゲーム制作２\Git\ゲーム制作３\16Hiramoto\3Dプログラミング応用\ゲームプログラミング実習2021_vs2019\GameProgramming\CModelX.h(69,21): warning C4018: '<': signed と unsigned の数値を比較しようとしました。
C:\Users\hiram\OneDrive\デスクトップ\ゲーム制作２\Git\ゲーム制作３\16Hiramoto\3Dプログラミング応用\ゲームプログラミング実習2021_vs2019\GameProgramming\CModelX.h(150,21): warning C4018: '<': signed と unsigned の数値を比較しようとしました。
C:\Users\hiram\OneDrive\デスクトップ\ゲーム制作２\Git\ゲーム制作３\16Hiramoto\3Dプログラミング応用\ゲームプログラミング実習2021_vs2019\GameProgramming\CModelX.cpp(75,20): warning C4018: '<': signed と unsigned の数値を比較しようとしました。
C:\Users\hiram\OneDrive\デスクトップ\ゲーム制作２\Git\ゲーム制作３\16Hiramoto\3Dプログラミング応用\ゲームプログラミング実習2021_vs2019\GameProgramming\CModelX.cpp(14,7): warning C4996: 'fopen': This function or variable may be unsafe. Consider using fopen_s instead. To disable deprecation, use _CRT_SECURE_NO_WARNINGS. See online help for details.
C:\Users\hiram\OneDrive\デスクトップ\ゲーム制作２\Git\ゲーム制作３\16Hiramoto\3Dプログラミング応用\ゲームプログラミング実習2021_vs2019\GameProgramming\CModelX.cpp(97,20): warning C4018: '<': signed と unsigned の数値を比較しようとしました。
C:\Users\hiram\OneDrive\デスクトップ\ゲーム制作２\Git\ゲーム制作３\16Hiramoto\3Dプログラミング応用\ゲームプログラミング実習2021_vs2019\GameProgramming\CModelX.cpp(101,20): warning C4018: '<': signed と unsigned の数値を比較しようとしました。
C:\Users\hiram\OneDrive\デスクトップ\ゲーム制作２\Git\ゲーム制作３\16Hiramoto\3Dプログラミング応用\ゲームプログラミング実習2021_vs2019\GameProgramming\CModelX.cpp(189,2): warning C4996: 'strcpy': This function or variable may be unsafe. Consider using strcpy_s instead. To disable deprecation, use _CRT_SECURE_NO_WARNINGS. See online help for details.
C:\Users\hiram\OneDrive\デスクトップ\ゲーム制作２\Git\ゲーム制作３\16Hiramoto\3Dプログラミング応用\ゲームプログラミング実習2021_vs2019\GameProgramming\CModelX.cpp(411,20): warning C4018: '<': signed と unsigned の数値を比較しようとしました。
C:\Users\hiram\OneDrive\デスクトップ\ゲーム制作２\Git\ゲーム制作３\16Hiramoto\3Dプログラミング応用\ゲームプログラミング実習2021_vs2019\GameProgramming\CModelX.cpp(431,2): warning C4996: 'strcpy': This function or variable may be unsafe. Consider using strcpy_s instead. To disable deprecation, use _CRT_SECURE_NO_WARNINGS. See online help for details.
C:\Users\hiram\OneDrive\デスクトップ\ゲーム制作２\Git\ゲーム制作３\16Hiramoto\3Dプログラミング応用\ゲームプログラミング実習2021_vs2019\GameProgramming\CModelX.cpp(472,2): warning C4996: 'strcpy': This function or variable may be unsafe. Consider using strcpy_s instead. To disable deprecation, use _CRT_SECURE_NO_WARNINGS. See online help for details.
C:\Users\hiram\OneDrive\デスクトップ\ゲーム制作２\Git\ゲーム制作３\16Hiramoto\3Dプログラミング応用\ゲームプログラミング実習2021_vs2019\GameProgramming\CModelX.cpp(527,2): warning C4996: 'strcpy': This function or variable may be unsafe. Consider using strcpy_s instead. To disable deprecation, use _CRT_SECURE_NO_WARNINGS. See online help for details.
C:\Users\hiram\OneDrive\デスクトップ\ゲーム制作２\Git\ゲーム制作３\16Hiramoto\3Dプログラミング応用\ゲームプログラミング実習2021_vs2019\GameProgramming\CModelX.cpp(633,20): warning C4018: '<': signed と unsigned の数値を比較しようとしました。
C:\Users\hiram\OneDrive\デスクトップ\ゲーム制作２\Git\ゲーム制作３\16Hiramoto\3Dプログラミング応用\ゲームプログラミング実習2021_vs2019\GameProgramming\CModelX.cpp(638,21): warning C4018: '<': signed と unsigned の数値を比較しようとしました。
C:\Users\hiram\OneDrive\デスクトップ\ゲーム制作２\Git\ゲーム制作３\16Hiramoto\3Dプログラミング応用\ゲームプログラミング実習2021_vs2019\GameProgramming\CModelX.cpp(646,20): warning C4018: '<': signed と unsigned の数値を比較しようとしました。
C:\Users\hiram\OneDrive\デスクトップ\ゲーム制作２\Git\ゲーム制作３\16Hiramoto\3Dプログラミング応用\ゲームプログラミング実習2021_vs2019\GameProgramming\CModelX.cpp(651,21): warning C4018: '<': signed と unsigned の数値を比較しようとしました。
C:\Users\hiram\OneDrive\デスクトップ\ゲーム制作２\Git\ゲーム制作３\16Hiramoto\3Dプログラミング応用\ゲームプログラミング実習2021_vs2019\GameProgramming\CModelX.cpp(695,20): warning C4018: '<': signed と unsigned の数値を比較しようとしました。
C:\Users\hiram\OneDrive\デスクトップ\ゲーム制作２\Git\ゲーム制作３\16Hiramoto\3Dプログラミング応用\ゲームプログラミング実習2021_vs2019\GameProgramming\CModelX.cpp(706,20): warning C4018: '<': signed と unsigned の数値を比較しようとしました。
C:\Users\hiram\OneDrive\デスクトップ\ゲーム制作２\Git\ゲーム制作３\16Hiramoto\3Dプログラミング応用\ゲームプログラミング実習2021_vs2019\GameProgramming\CModelX.cpp(710,22): warning C4018: '<': signed と unsigned の数値を比較しようとしました。
C:\Users\hiram\OneDrive\デスクトップ\ゲーム制作２\Git\ゲーム制作３\16Hiramoto\3Dプログラミング応用\ゲームプログラミング実習2021_vs2019\GameProgramming\CModelX.cpp(725,20): warning C4018: '<': signed と unsigned の数値を比較しようとしました。
C:\Users\hiram\OneDrive\デスクトップ\ゲーム制作２\Git\ゲーム制作３\16Hiramoto\3Dプログラミング応用\ゲームプログラミング実習2021_vs2019\GameProgramming\CModelX.cpp(752,20): warning C4018: '<': signed と unsigned の数値を比較しようとしました。
C:\Users\hiram\OneDrive\デスクトップ\ゲーム制作２\Git\ゲーム制作３\16Hiramoto\3Dプログラミング応用\ゲームプログラミング実習2021_vs2019\GameProgramming\CModelX.cpp(784,20): warning C4018: '<': signed と unsigned の数値を比較しようとしました。
C:\Users\hiram\OneDrive\デスクトップ\ゲーム制作２\Git\ゲーム制作３\16Hiramoto\3Dプログラミング応用\ゲームプログラミング実習2021_vs2019\GameProgramming\CModelX.cpp(782,2): warning C4996: 'strcpy': This function or variable may be unsafe. Consider using strcpy_s instead. To disable deprecation, use _CRT_SECURE_NO_WARNINGS. See online help for details.
C:\Users\hiram\OneDrive\デスクトップ\ゲーム制作２\Git\ゲーム制作３\16Hiramoto\3Dプログラミング応用\ゲームプログラミング実習2021_vs2019\GameProgramming\CModelX.cpp(787,3): warning C4996: 'strcpy': This function or variable may be unsafe. Consider using strcpy_s instead. To disable deprecation, use _CRT_SECURE_NO_WARNINGS. See online help for details.
C:\Users\hiram\OneDrive\デスクトップ\ゲーム制作２\Git\ゲーム制作３\16Hiramoto\3Dプログラミング応用\ゲームプログラミング実習2021_vs2019\GameProgramming\CModelX.cpp(803,20): warning C4018: '<': signed と unsigned の数値を比較しようとしました。
C:\Users\hiram\OneDrive\デスクトップ\ゲーム制作２\Git\ゲーム制作３\16Hiramoto\3Dプログラミング応用\ゲームプログラミング実習2021_vs2019\GameProgramming\CModelX.cpp(817,20): warning C4018: '<': signed と unsigned の数値を比較しようとしました。
C:\Users\hiram\OneDrive\デスクトップ\ゲーム制作２\Git\ゲーム制作３\16Hiramoto\3Dプログラミング応用\ゲームプログラミング実習2021_vs2019\GameProgramming\CModelX.cpp(868,21): warning C4018: '<': signed と unsigned の数値を比較しようとしました。
C:\Users\hiram\OneDrive\デスクトップ\ゲーム制作２\Git\ゲーム制作３\16Hiramoto\3Dプログラミング応用\ゲームプログラミング実習2021_vs2019\GameProgramming\CModelX.cpp(884,21): warning C4018: '<': signed と unsigned の数値を比較しようとしました。
  CMyShader.cpp
C:\Users\hiram\OneDrive\デスクトップ\ゲーム制作２\Git\ゲーム制作３\16Hiramoto\3Dプログラミング応用\ゲームプログラミング実習2021_vs2019\GameProgramming\CModelX.h(69,21): warning C4018: '<': signed と unsigned の数値を比較しようとしました。
C:\Users\hiram\OneDrive\デスクトップ\ゲーム制作２\Git\ゲーム制作３\16Hiramoto\3Dプログラミング応用\ゲームプログラミング実習2021_vs2019\GameProgramming\CModelX.h(150,21): warning C4018: '<': signed と unsigned の数値を比較しようとしました。
C:\Users\hiram\OneDrive\デスクトップ\ゲーム制作２\Git\ゲーム制作３\16Hiramoto\3Dプログラミング応用\ゲームプログラミング実習2021_vs2019\GameProgramming\CMyShader.cpp(13,20): warning C4018: '<': signed と unsigned の数値を比較しようとしました。
C:\Users\hiram\OneDrive\デスクトップ\ゲーム制作２\Git\ゲーム制作３\16Hiramoto\3Dプログラミング応用\ゲームプログラミング実習2021_vs2019\GameProgramming\CMyShader.cpp(27,20): warning C4018: '<': signed と unsigned の数値を比較しようとしました。
C:\Users\hiram\OneDrive\デスクトップ\ゲーム制作２\Git\ゲーム制作３\16Hiramoto\3Dプログラミング応用\ゲームプログラミング実習2021_vs2019\GameProgramming\CMyShader.cpp(85,20): warning C4018: '<': signed と unsigned の数値を比較しようとしました。
  CPlayer.cpp
C:\Users\hiram\OneDrive\デスクトップ\ゲーム制作２\Git\ゲーム制作３\16Hiramoto\3Dプログラミング応用\ゲームプログラミング実習2021_vs2019\GameProgramming\CModelX.h(69,21): warning C4018: '<': signed と unsigned の数値を比較しようとしました。
C:\Users\hiram\OneDrive\デスクトップ\ゲーム制作２\Git\ゲーム制作３\16Hiramoto\3Dプログラミング応用\ゲームプログラミング実習2021_vs2019\GameProgramming\CModelX.h(150,21): warning C4018: '<': signed と unsigned の数値を比較しようとしました。
C:\Users\hiram\OneDrive\デスクトップ\ゲーム制作２\Git\ゲーム制作３\16Hiramoto\3Dプログラミング応用\ゲームプログラミング実習2021_vs2019\GameProgramming\CPlayer.cpp(141,2): warning C4996: 'sprintf': This function or variable may be unsafe. Consider using sprintf_s instead. To disable deprecation, use _CRT_SECURE_NO_WARNINGS. See online help for details.
C:\Users\hiram\OneDrive\デスクトップ\ゲーム制作２\Git\ゲーム制作３\16Hiramoto\3Dプログラミング応用\ゲームプログラミング実習2021_vs2019\GameProgramming\CPlayer.cpp(147,2): warning C4996: 'sprintf': This function or variable may be unsafe. Consider using sprintf_s instead. To disable deprecation, use _CRT_SECURE_NO_WARNINGS. See online help for details.
C:\Users\hiram\OneDrive\デスクトップ\ゲーム制作２\Git\ゲーム制作３\16Hiramoto\3Dプログラミング応用\ゲームプログラミング実習2021_vs2019\GameProgramming\CPlayer.cpp(153,2): warning C4996: 'sprintf': This function or variable may be unsafe. Consider using sprintf_s instead. To disable deprecation, use _CRT_SECURE_NO_WARNINGS. See online help for details.
  CRes.cpp
C:\Users\hiram\OneDrive\デスクトップ\ゲーム制作２\Git\ゲーム制作３\16Hiramoto\3Dプログラミング応用\ゲームプログラミング実習2021_vs2019\GameProgramming\CModelX.h(69,21): warning C4018: '<': signed と unsigned の数値を比較しようとしました。
C:\Users\hiram\OneDrive\デスクトップ\ゲーム制作２\Git\ゲーム制作３\16Hiramoto\3Dプログラミング応用\ゲームプログラミング実習2021_vs2019\GameProgramming\CModelX.h(150,21): warning C4018: '<': signed と unsigned の数値を比較しようとしました。
  CSceneGame.cpp
C:\Users\hiram\OneDrive\デスクトップ\ゲーム制作２\Git\ゲーム制作３\16Hiramoto\3Dプログラミング応用\ゲームプログラミング実習2021_vs2019\GameProgramming\CModelX.h(69,21): warning C4018: '<': signed と unsigned の数値を比較しようとしました。
C:\Users\hiram\OneDrive\デスクトップ\ゲーム制作２\Git\ゲーム制作３\16Hiramoto\3Dプログラミング応用\ゲームプログラミング実習2021_vs2019\GameProgramming\CModelX.h(150,21): warning C4018: '<': signed と unsigned の数値を比較しようとしました。
  CSceneManager.cpp
C:\Users\hiram\OneDrive\デスクトップ\ゲーム制作２\Git\ゲーム制作３\16Hiramoto\3Dプログラミング応用\ゲームプログラミング実習2021_vs2019\GameProgramming\CModelX.h(69,21): warning C4018: '<': signed と unsigned の数値を比較しようとしました。
C:\Users\hiram\OneDrive\デスクトップ\ゲーム制作２\Git\ゲーム制作３\16Hiramoto\3Dプログラミング応用\ゲームプログラミング実習2021_vs2019\GameProgramming\CModelX.h(150,21): warning C4018: '<': signed と unsigned の数値を比較しようとしました。
  コードを生成中...
  コンパイル中...
  CTriangle.cpp
  CXCharacter.cpp
C:\Users\hiram\OneDrive\デスクトップ\ゲーム制作２\Git\ゲーム制作３\16Hiramoto\3Dプログラミング応用\ゲームプログラミング実習2021_vs2019\GameProgramming\CModelX.h(69,21): warning C4018: '<': signed と unsigned の数値を比較しようとしました。
C:\Users\hiram\OneDrive\デスクトップ\ゲーム制作２\Git\ゲーム制作３\16Hiramoto\3Dプログラミング応用\ゲームプログラミング実習2021_vs2019\GameProgramming\CModelX.h(150,21): warning C4018: '<': signed と unsigned の数値を比較しようとしました。
C:\Users\hiram\OneDrive\デスクトップ\ゲーム制作２\Git\ゲーム制作３\16Hiramoto\3Dプログラミング応用\ゲームプログラミング実習2021_vs2019\GameProgramming\CXCharacter.cpp(58,20): warning C4018: '<': signed と unsigned の数値を比較しようとしました。
C:\Users\hiram\OneDrive\デスクトップ\ゲーム制作２\Git\ゲーム制作３\16Hiramoto\3Dプログラミング応用\ゲームプログラミング実習2021_vs2019\GameProgramming\CXCharacter.cpp(91,20): warning C4018: '<': signed と unsigned の数値を比較しようとしました。
  CXEnemy.cpp
C:\Users\hiram\OneDrive\デスクトップ\ゲーム制作２\Git\ゲーム制作３\16Hiramoto\3Dプログラミング応用\ゲームプログラミング実習2021_vs2019\GameProgramming\CModelX.h(69,21): warning C4018: '<': signed と unsigned の数値を比較しようとしました。
C:\Users\hiram\OneDrive\デスクトップ\ゲーム制作２\Git\ゲーム制作３\16Hiramoto\3Dプログラミング応用\ゲームプログラミング実習2021_vs2019\GameProgramming\CModelX.h(150,21): warning C4018: '<': signed と unsigned の数値を比較しようとしました。
  CXPlayer.cpp
C:\Users\hiram\OneDrive\デスクトップ\ゲーム制作２\Git\ゲーム制作３\16Hiramoto\3Dプログラミング応用\ゲームプログラミング実習2021_vs2019\GameProgramming\CModelX.h(69,21): warning C4018: '<': signed と unsigned の数値を比較しようとしました。
C:\Users\hiram\OneDrive\デスクトップ\ゲーム制作２\Git\ゲーム制作３\16Hiramoto\3Dプログラミング応用\ゲームプログラミング実習2021_vs2019\GameProgramming\CModelX.h(150,21): warning C4018: '<': signed と unsigned の数値を比較しようとしました。
  コードを生成中...
LINK : warning LNK4098: defaultlib 'LIBCMT' は他のライブラリの使用と競合しています。/NODEFAULTLIB:library を使用してください。
  GameProgramming.vcxproj -> C:\Users\hiram\OneDrive\デスクトップ\ゲーム制作２\Git\ゲーム制作３\16Hiramoto\3Dプログラミング応用\ゲームプログラミング実習2021_vs2019\Debug\GameProgramming.exe
