c:\users\hiram\onedrive\デスクトップ\ゲーム制作２\git\ゲーム制作３\16hiramoto\3dプログラミング応用\ゲームプログラミング実習2021_vs2019\gameprogramming\debug\vc142.pdb
c:\users\hiram\onedrive\デスクトップ\ゲーム制作２\git\ゲーム制作３\16hiramoto\3dプログラミング応用\ゲームプログラミング実習2021_vs2019\gameprogramming\debug\vc142.idb
c:\users\hiram\onedrive\デスクトップ\ゲーム制作２\git\ゲーム制作３\16hiramoto\3dプログラミング応用\ゲームプログラミング実習2021_vs2019\gameprogramming\debug\cplayer.nativecodeanalysis.sarif
c:\users\hiram\onedrive\デスクトップ\ゲーム制作２\git\ゲーム制作３\16hiramoto\3dプログラミング応用\ゲームプログラミング実習2021_vs2019\gameprogramming\debug\cplayer.nativecodeanalysis.xml
c:\users\hiram\onedrive\デスクトップ\ゲーム制作２\git\ゲーム制作３\16hiramoto\3dプログラミング応用\ゲームプログラミング実習2021_vs2019\gameprogramming\debug\cmyshader.nativecodeanalysis.sarif
c:\users\hiram\onedrive\デスクトップ\ゲーム制作２\git\ゲーム制作３\16hiramoto\3dプログラミング応用\ゲームプログラミング実習2021_vs2019\gameprogramming\debug\cmyshader.nativecodeanalysis.xml
c:\users\hiram\onedrive\デスクトップ\ゲーム制作２\git\ゲーム制作３\16hiramoto\3dプログラミング応用\ゲームプログラミング実習2021_vs2019\gameprogramming\debug\cmodelx.nativecodeanalysis.sarif
c:\users\hiram\onedrive\デスクトップ\ゲーム制作２\git\ゲーム制作３\16hiramoto\3dプログラミング応用\ゲームプログラミング実習2021_vs2019\gameprogramming\debug\cmodelx.nativecodeanalysis.xml
c:\users\hiram\onedrive\デスクトップ\ゲーム制作２\git\ゲーム制作３\16hiramoto\3dプログラミング応用\ゲームプログラミング実習2021_vs2019\gameprogramming\debug\cmodel.nativecodeanalysis.sarif
c:\users\hiram\onedrive\デスクトップ\ゲーム制作２\git\ゲーム制作３\16hiramoto\3dプログラミング応用\ゲームプログラミング実習2021_vs2019\gameprogramming\debug\cmodel.nativecodeanalysis.xml
c:\users\hiram\onedrive\デスクトップ\ゲーム制作２\git\ゲーム制作３\16hiramoto\3dプログラミング応用\ゲームプログラミング実習2021_vs2019\gameprogramming\debug\cmatrix.nativecodeanalysis.sarif
c:\users\hiram\onedrive\デスクトップ\ゲーム制作２\git\ゲーム制作３\16hiramoto\3dプログラミング応用\ゲームプログラミング実習2021_vs2019\gameprogramming\debug\cmatrix.nativecodeanalysis.xml
c:\users\hiram\onedrive\デスクトップ\ゲーム制作２\git\ゲーム制作３\16hiramoto\3dプログラミング応用\ゲームプログラミング実習2021_vs2019\gameprogramming\debug\cmaterial.nativecodeanalysis.sarif
c:\users\hiram\onedrive\デスクトップ\ゲーム制作２\git\ゲーム制作３\16hiramoto\3dプログラミング応用\ゲームプログラミング実習2021_vs2019\gameprogramming\debug\cmaterial.nativecodeanalysis.xml
c:\users\hiram\onedrive\デスクトップ\ゲーム制作２\git\ゲーム制作３\16hiramoto\3dプログラミング応用\ゲームプログラミング実習2021_vs2019\gameprogramming\debug\cmap.nativecodeanalysis.sarif
c:\users\hiram\onedrive\デスクトップ\ゲーム制作２\git\ゲーム制作３\16hiramoto\3dプログラミング応用\ゲームプログラミング実習2021_vs2019\gameprogramming\debug\cmap.nativecodeanalysis.xml
c:\users\hiram\onedrive\デスクトップ\ゲーム制作２\git\ゲーム制作３\16hiramoto\3dプログラミング応用\ゲームプログラミング実習2021_vs2019\gameprogramming\debug\ckey.nativecodeanalysis.sarif
c:\users\hiram\onedrive\デスクトップ\ゲーム制作２\git\ゲーム制作３\16hiramoto\3dプログラミング応用\ゲームプログラミング実習2021_vs2019\gameprogramming\debug\ckey.nativecodeanalysis.xml
c:\users\hiram\onedrive\デスクトップ\ゲーム制作２\git\ゲーム制作３\16hiramoto\3dプログラミング応用\ゲームプログラミング実習2021_vs2019\gameprogramming\debug\cenemy2.nativecodeanalysis.sarif
c:\users\hiram\onedrive\デスクトップ\ゲーム制作２\git\ゲーム制作３\16hiramoto\3dプログラミング応用\ゲームプログラミング実習2021_vs2019\gameprogramming\debug\cenemy2.nativecodeanalysis.xml
c:\users\hiram\onedrive\デスクトップ\ゲーム制作２\git\ゲーム制作３\16hiramoto\3dプログラミング応用\ゲームプログラミング実習2021_vs2019\gameprogramming\debug\cenemy.nativecodeanalysis.sarif
c:\users\hiram\onedrive\デスクトップ\ゲーム制作２\git\ゲーム制作３\16hiramoto\3dプログラミング応用\ゲームプログラミング実習2021_vs2019\gameprogramming\debug\cenemy.nativecodeanalysis.xml
c:\users\hiram\onedrive\デスクトップ\ゲーム制作２\git\ゲーム制作３\16hiramoto\3dプログラミング応用\ゲームプログラミング実習2021_vs2019\gameprogramming\debug\ceffect.nativecodeanalysis.sarif
c:\users\hiram\onedrive\デスクトップ\ゲーム制作２\git\ゲーム制作３\16hiramoto\3dプログラミング応用\ゲームプログラミング実習2021_vs2019\gameprogramming\debug\ceffect.nativecodeanalysis.xml
c:\users\hiram\onedrive\デスクトップ\ゲーム制作２\git\ゲーム制作３\16hiramoto\3dプログラミング応用\ゲームプログラミング実習2021_vs2019\gameprogramming\debug\ccollisionmanager.nativecodeanalysis.sarif
c:\users\hiram\onedrive\デスクトップ\ゲーム制作２\git\ゲーム制作３\16hiramoto\3dプログラミング応用\ゲームプログラミング実習2021_vs2019\gameprogramming\debug\ccollisionmanager.nativecodeanalysis.xml
c:\users\hiram\onedrive\デスクトップ\ゲーム制作２\git\ゲーム制作３\16hiramoto\3dプログラミング応用\ゲームプログラミング実習2021_vs2019\gameprogramming\debug\ccollidertriangle.nativecodeanalysis.sarif
c:\users\hiram\onedrive\デスクトップ\ゲーム制作２\git\ゲーム制作３\16hiramoto\3dプログラミング応用\ゲームプログラミング実習2021_vs2019\gameprogramming\debug\ccollidertriangle.nativecodeanalysis.xml
c:\users\hiram\onedrive\デスクトップ\ゲーム制作２\git\ゲーム制作３\16hiramoto\3dプログラミング応用\ゲームプログラミング実習2021_vs2019\gameprogramming\debug\ccollidermesh.nativecodeanalysis.sarif
c:\users\hiram\onedrive\デスクトップ\ゲーム制作２\git\ゲーム制作３\16hiramoto\3dプログラミング応用\ゲームプログラミング実習2021_vs2019\gameprogramming\debug\ccollidermesh.nativecodeanalysis.xml
c:\users\hiram\onedrive\デスクトップ\ゲーム制作２\git\ゲーム制作３\16hiramoto\3dプログラミング応用\ゲームプログラミング実習2021_vs2019\gameprogramming\debug\ccolliderline.nativecodeanalysis.sarif
c:\users\hiram\onedrive\デスクトップ\ゲーム制作２\git\ゲーム制作３\16hiramoto\3dプログラミング応用\ゲームプログラミング実習2021_vs2019\gameprogramming\debug\ccolliderline.nativecodeanalysis.xml
c:\users\hiram\onedrive\デスクトップ\ゲーム制作２\git\ゲーム制作３\16hiramoto\3dプログラミング応用\ゲームプログラミング実習2021_vs2019\gameprogramming\debug\ccollider.nativecodeanalysis.sarif
c:\users\hiram\onedrive\デスクトップ\ゲーム制作２\git\ゲーム制作３\16hiramoto\3dプログラミング応用\ゲームプログラミング実習2021_vs2019\gameprogramming\debug\ccollider.nativecodeanalysis.xml
c:\users\hiram\onedrive\デスクトップ\ゲーム制作２\git\ゲーム制作３\16hiramoto\3dプログラミング応用\ゲームプログラミング実習2021_vs2019\gameprogramming\debug\ccharacter.nativecodeanalysis.sarif
c:\users\hiram\onedrive\デスクトップ\ゲーム制作２\git\ゲーム制作３\16hiramoto\3dプログラミング応用\ゲームプログラミング実習2021_vs2019\gameprogramming\debug\ccharacter.nativecodeanalysis.xml
c:\users\hiram\onedrive\デスクトップ\ゲーム制作２\git\ゲーム制作３\16hiramoto\3dプログラミング応用\ゲームプログラミング実習2021_vs2019\gameprogramming\debug\ccamera.nativecodeanalysis.sarif
c:\users\hiram\onedrive\デスクトップ\ゲーム制作２\git\ゲーム制作３\16hiramoto\3dプログラミング応用\ゲームプログラミング実習2021_vs2019\gameprogramming\debug\ccamera.nativecodeanalysis.xml
c:\users\hiram\onedrive\デスクトップ\ゲーム制作２\git\ゲーム制作３\16hiramoto\3dプログラミング応用\ゲームプログラミング実習2021_vs2019\gameprogramming\debug\cbullet.nativecodeanalysis.sarif
c:\users\hiram\onedrive\デスクトップ\ゲーム制作２\git\ゲーム制作３\16hiramoto\3dプログラミング応用\ゲームプログラミング実習2021_vs2019\gameprogramming\debug\cbullet.nativecodeanalysis.xml
c:\users\hiram\onedrive\デスクトップ\ゲーム制作２\git\ゲーム制作３\16hiramoto\3dプログラミング応用\ゲームプログラミング実習2021_vs2019\gameprogramming\debug\cbillboard.nativecodeanalysis.sarif
c:\users\hiram\onedrive\デスクトップ\ゲーム制作２\git\ゲーム制作３\16hiramoto\3dプログラミング応用\ゲームプログラミング実習2021_vs2019\gameprogramming\debug\cbillboard.nativecodeanalysis.xml
c:\users\hiram\onedrive\デスクトップ\ゲーム制作２\git\ゲーム制作３\16hiramoto\3dプログラミング応用\ゲームプログラミング実習2021_vs2019\gameprogramming\debug\cbillboard.obj
c:\users\hiram\onedrive\デスクトップ\ゲーム制作２\git\ゲーム制作３\16hiramoto\3dプログラミング応用\ゲームプログラミング実習2021_vs2019\gameprogramming\debug\cbullet.obj
c:\users\hiram\onedrive\デスクトップ\ゲーム制作２\git\ゲーム制作３\16hiramoto\3dプログラミング応用\ゲームプログラミング実習2021_vs2019\gameprogramming\debug\ccamera.obj
c:\users\hiram\onedrive\デスクトップ\ゲーム制作２\git\ゲーム制作３\16hiramoto\3dプログラミング応用\ゲームプログラミング実習2021_vs2019\gameprogramming\debug\ccharacter.obj
c:\users\hiram\onedrive\デスクトップ\ゲーム制作２\git\ゲーム制作３\16hiramoto\3dプログラミング応用\ゲームプログラミング実習2021_vs2019\gameprogramming\debug\ccollider.obj
c:\users\hiram\onedrive\デスクトップ\ゲーム制作２\git\ゲーム制作３\16hiramoto\3dプログラミング応用\ゲームプログラミング実習2021_vs2019\gameprogramming\debug\ccolliderline.obj
c:\users\hiram\onedrive\デスクトップ\ゲーム制作２\git\ゲーム制作３\16hiramoto\3dプログラミング応用\ゲームプログラミング実習2021_vs2019\gameprogramming\debug\ccollidermesh.obj
c:\users\hiram\onedrive\デスクトップ\ゲーム制作２\git\ゲーム制作３\16hiramoto\3dプログラミング応用\ゲームプログラミング実習2021_vs2019\gameprogramming\debug\ccollidertriangle.obj
c:\users\hiram\onedrive\デスクトップ\ゲーム制作２\git\ゲーム制作３\16hiramoto\3dプログラミング応用\ゲームプログラミング実習2021_vs2019\gameprogramming\debug\ccollisionmanager.obj
c:\users\hiram\onedrive\デスクトップ\ゲーム制作２\git\ゲーム制作３\16hiramoto\3dプログラミング応用\ゲームプログラミング実習2021_vs2019\gameprogramming\debug\ceffect.obj
c:\users\hiram\onedrive\デスクトップ\ゲーム制作２\git\ゲーム制作３\16hiramoto\3dプログラミング応用\ゲームプログラミング実習2021_vs2019\gameprogramming\debug\cenemy.obj
c:\users\hiram\onedrive\デスクトップ\ゲーム制作２\git\ゲーム制作３\16hiramoto\3dプログラミング応用\ゲームプログラミング実習2021_vs2019\gameprogramming\debug\cenemy2.obj
c:\users\hiram\onedrive\デスクトップ\ゲーム制作２\git\ゲーム制作３\16hiramoto\3dプログラミング応用\ゲームプログラミング実習2021_vs2019\gameprogramming\debug\ckey.obj
c:\users\hiram\onedrive\デスクトップ\ゲーム制作２\git\ゲーム制作３\16hiramoto\3dプログラミング応用\ゲームプログラミング実習2021_vs2019\gameprogramming\debug\cmap.obj
c:\users\hiram\onedrive\デスクトップ\ゲーム制作２\git\ゲーム制作３\16hiramoto\3dプログラミング応用\ゲームプログラミング実習2021_vs2019\gameprogramming\debug\cmaterial.obj
c:\users\hiram\onedrive\デスクトップ\ゲーム制作２\git\ゲーム制作３\16hiramoto\3dプログラミング応用\ゲームプログラミング実習2021_vs2019\gameprogramming\debug\cmatrix.obj
c:\users\hiram\onedrive\デスクトップ\ゲーム制作２\git\ゲーム制作３\16hiramoto\3dプログラミング応用\ゲームプログラミング実習2021_vs2019\gameprogramming\debug\cmodel.obj
c:\users\hiram\onedrive\デスクトップ\ゲーム制作２\git\ゲーム制作３\16hiramoto\3dプログラミング応用\ゲームプログラミング実習2021_vs2019\gameprogramming\debug\cmodelx.obj
c:\users\hiram\onedrive\デスクトップ\ゲーム制作２\git\ゲーム制作３\16hiramoto\3dプログラミング応用\ゲームプログラミング実習2021_vs2019\gameprogramming\debug\cmyshader.obj
c:\users\hiram\onedrive\デスクトップ\ゲーム制作２\git\ゲーム制作３\16hiramoto\3dプログラミング応用\ゲームプログラミング実習2021_vs2019\gameprogramming\debug\cplayer.obj
c:\users\hiram\onedrive\デスクトップ\ゲーム制作２\git\ゲーム制作３\16hiramoto\3dプログラミング応用\ゲームプログラミング実習2021_vs2019\gameprogramming\debug\main.nativecodeanalysis.sarif
c:\users\hiram\onedrive\デスクトップ\ゲーム制作２\git\ゲーム制作３\16hiramoto\3dプログラミング応用\ゲームプログラミング実習2021_vs2019\gameprogramming\debug\main.nativecodeanalysis.xml
c:\users\hiram\onedrive\デスクトップ\ゲーム制作２\git\ゲーム制作３\16hiramoto\3dプログラミング応用\ゲームプログラミング実習2021_vs2019\gameprogramming\debug\cxplayer.nativecodeanalysis.sarif
c:\users\hiram\onedrive\デスクトップ\ゲーム制作２\git\ゲーム制作３\16hiramoto\3dプログラミング応用\ゲームプログラミング実習2021_vs2019\gameprogramming\debug\cxplayer.nativecodeanalysis.xml
c:\users\hiram\onedrive\デスクトップ\ゲーム制作２\git\ゲーム制作３\16hiramoto\3dプログラミング応用\ゲームプログラミング実習2021_vs2019\gameprogramming\debug\cxenemy.nativecodeanalysis.sarif
c:\users\hiram\onedrive\デスクトップ\ゲーム制作２\git\ゲーム制作３\16hiramoto\3dプログラミング応用\ゲームプログラミング実習2021_vs2019\gameprogramming\debug\cxenemy.nativecodeanalysis.xml
c:\users\hiram\onedrive\デスクトップ\ゲーム制作２\git\ゲーム制作３\16hiramoto\3dプログラミング応用\ゲームプログラミング実習2021_vs2019\gameprogramming\debug\cxcharacter.nativecodeanalysis.sarif
c:\users\hiram\onedrive\デスクトップ\ゲーム制作２\git\ゲーム制作３\16hiramoto\3dプログラミング応用\ゲームプログラミング実習2021_vs2019\gameprogramming\debug\cxcharacter.nativecodeanalysis.xml
c:\users\hiram\onedrive\デスクトップ\ゲーム制作２\git\ゲーム制作３\16hiramoto\3dプログラミング応用\ゲームプログラミング実習2021_vs2019\gameprogramming\debug\cvector.nativecodeanalysis.sarif
c:\users\hiram\onedrive\デスクトップ\ゲーム制作２\git\ゲーム制作３\16hiramoto\3dプログラミング応用\ゲームプログラミング実習2021_vs2019\gameprogramming\debug\cvector.nativecodeanalysis.xml
c:\users\hiram\onedrive\デスクトップ\ゲーム制作２\git\ゲーム制作３\16hiramoto\3dプログラミング応用\ゲームプログラミング実習2021_vs2019\gameprogramming\debug\cutil.nativecodeanalysis.sarif
c:\users\hiram\onedrive\デスクトップ\ゲーム制作２\git\ゲーム制作３\16hiramoto\3dプログラミング応用\ゲームプログラミング実習2021_vs2019\gameprogramming\debug\cutil.nativecodeanalysis.xml
c:\users\hiram\onedrive\デスクトップ\ゲーム制作２\git\ゲーム制作３\16hiramoto\3dプログラミング応用\ゲームプログラミング実習2021_vs2019\gameprogramming\debug\ctriangle.nativecodeanalysis.sarif
c:\users\hiram\onedrive\デスクトップ\ゲーム制作２\git\ゲーム制作３\16hiramoto\3dプログラミング応用\ゲームプログラミング実習2021_vs2019\gameprogramming\debug\ctriangle.nativecodeanalysis.xml
c:\users\hiram\onedrive\デスクトップ\ゲーム制作２\git\ゲーム制作３\16hiramoto\3dプログラミング応用\ゲームプログラミング実習2021_vs2019\gameprogramming\debug\ctransform.nativecodeanalysis.sarif
c:\users\hiram\onedrive\デスクトップ\ゲーム制作２\git\ゲーム制作３\16hiramoto\3dプログラミング応用\ゲームプログラミング実習2021_vs2019\gameprogramming\debug\ctransform.nativecodeanalysis.xml
c:\users\hiram\onedrive\デスクトップ\ゲーム制作２\git\ゲーム制作３\16hiramoto\3dプログラミング応用\ゲームプログラミング実習2021_vs2019\gameprogramming\debug\ctexture.nativecodeanalysis.sarif
c:\users\hiram\onedrive\デスクトップ\ゲーム制作２\git\ゲーム制作３\16hiramoto\3dプログラミング応用\ゲームプログラミング実習2021_vs2019\gameprogramming\debug\ctexture.nativecodeanalysis.xml
c:\users\hiram\onedrive\デスクトップ\ゲーム制作２\git\ゲーム制作３\16hiramoto\3dプログラミング応用\ゲームプログラミング実習2021_vs2019\gameprogramming\debug\ctext.nativecodeanalysis.sarif
c:\users\hiram\onedrive\デスクトップ\ゲーム制作２\git\ゲーム制作３\16hiramoto\3dプログラミング応用\ゲームプログラミング実習2021_vs2019\gameprogramming\debug\ctext.nativecodeanalysis.xml
c:\users\hiram\onedrive\デスクトップ\ゲーム制作２\git\ゲーム制作３\16hiramoto\3dプログラミング応用\ゲームプログラミング実習2021_vs2019\gameprogramming\debug\ctaskmanager.nativecodeanalysis.sarif
c:\users\hiram\onedrive\デスクトップ\ゲーム制作２\git\ゲーム制作３\16hiramoto\3dプログラミング応用\ゲームプログラミング実習2021_vs2019\gameprogramming\debug\ctaskmanager.nativecodeanalysis.xml
c:\users\hiram\onedrive\デスクトップ\ゲーム制作２\git\ゲーム制作３\16hiramoto\3dプログラミング応用\ゲームプログラミング実習2021_vs2019\gameprogramming\debug\csound.nativecodeanalysis.sarif
c:\users\hiram\onedrive\デスクトップ\ゲーム制作２\git\ゲーム制作３\16hiramoto\3dプログラミング応用\ゲームプログラミング実習2021_vs2019\gameprogramming\debug\csound.nativecodeanalysis.xml
c:\users\hiram\onedrive\デスクトップ\ゲーム制作２\git\ゲーム制作３\16hiramoto\3dプログラミング応用\ゲームプログラミング実習2021_vs2019\gameprogramming\debug\cshader.nativecodeanalysis.sarif
c:\users\hiram\onedrive\デスクトップ\ゲーム制作２\git\ゲーム制作３\16hiramoto\3dプログラミング応用\ゲームプログラミング実習2021_vs2019\gameprogramming\debug\cshader.nativecodeanalysis.xml
c:\users\hiram\onedrive\デスクトップ\ゲーム制作２\git\ゲーム制作３\16hiramoto\3dプログラミング応用\ゲームプログラミング実習2021_vs2019\gameprogramming\debug\cscenemanager.nativecodeanalysis.sarif
c:\users\hiram\onedrive\デスクトップ\ゲーム制作２\git\ゲーム制作３\16hiramoto\3dプログラミング応用\ゲームプログラミング実習2021_vs2019\gameprogramming\debug\cscenemanager.nativecodeanalysis.xml
c:\users\hiram\onedrive\デスクトップ\ゲーム制作２\git\ゲーム制作３\16hiramoto\3dプログラミング応用\ゲームプログラミング実習2021_vs2019\gameprogramming\debug\cscenegame.nativecodeanalysis.sarif
c:\users\hiram\onedrive\デスクトップ\ゲーム制作２\git\ゲーム制作３\16hiramoto\3dプログラミング応用\ゲームプログラミング実習2021_vs2019\gameprogramming\debug\cscenegame.nativecodeanalysis.xml
c:\users\hiram\onedrive\デスクトップ\ゲーム制作２\git\ゲーム制作３\16hiramoto\3dプログラミング応用\ゲームプログラミング実習2021_vs2019\gameprogramming\debug\cres.nativecodeanalysis.sarif
c:\users\hiram\onedrive\デスクトップ\ゲーム制作２\git\ゲーム制作３\16hiramoto\3dプログラミング応用\ゲームプログラミング実習2021_vs2019\gameprogramming\debug\cres.nativecodeanalysis.xml
c:\users\hiram\onedrive\デスクトップ\ゲーム制作２\git\ゲーム制作３\16hiramoto\3dプログラミング応用\ゲームプログラミング実習2021_vs2019\gameprogramming\debug\cres.obj
c:\users\hiram\onedrive\デスクトップ\ゲーム制作２\git\ゲーム制作３\16hiramoto\3dプログラミング応用\ゲームプログラミング実習2021_vs2019\gameprogramming\debug\cscenegame.obj
c:\users\hiram\onedrive\デスクトップ\ゲーム制作２\git\ゲーム制作３\16hiramoto\3dプログラミング応用\ゲームプログラミング実習2021_vs2019\gameprogramming\debug\cscenemanager.obj
c:\users\hiram\onedrive\デスクトップ\ゲーム制作２\git\ゲーム制作３\16hiramoto\3dプログラミング応用\ゲームプログラミング実習2021_vs2019\gameprogramming\debug\cshader.obj
c:\users\hiram\onedrive\デスクトップ\ゲーム制作２\git\ゲーム制作３\16hiramoto\3dプログラミング応用\ゲームプログラミング実習2021_vs2019\gameprogramming\debug\csound.obj
c:\users\hiram\onedrive\デスクトップ\ゲーム制作２\git\ゲーム制作３\16hiramoto\3dプログラミング応用\ゲームプログラミング実習2021_vs2019\gameprogramming\debug\ctaskmanager.obj
c:\users\hiram\onedrive\デスクトップ\ゲーム制作２\git\ゲーム制作３\16hiramoto\3dプログラミング応用\ゲームプログラミング実習2021_vs2019\gameprogramming\debug\ctext.obj
c:\users\hiram\onedrive\デスクトップ\ゲーム制作２\git\ゲーム制作３\16hiramoto\3dプログラミング応用\ゲームプログラミング実習2021_vs2019\gameprogramming\debug\ctexture.obj
c:\users\hiram\onedrive\デスクトップ\ゲーム制作２\git\ゲーム制作３\16hiramoto\3dプログラミング応用\ゲームプログラミング実習2021_vs2019\gameprogramming\debug\ctransform.obj
c:\users\hiram\onedrive\デスクトップ\ゲーム制作２\git\ゲーム制作３\16hiramoto\3dプログラミング応用\ゲームプログラミング実習2021_vs2019\gameprogramming\debug\ctriangle.obj
c:\users\hiram\onedrive\デスクトップ\ゲーム制作２\git\ゲーム制作３\16hiramoto\3dプログラミング応用\ゲームプログラミング実習2021_vs2019\gameprogramming\debug\cutil.obj
c:\users\hiram\onedrive\デスクトップ\ゲーム制作２\git\ゲーム制作３\16hiramoto\3dプログラミング応用\ゲームプログラミング実習2021_vs2019\gameprogramming\debug\cvector.obj
c:\users\hiram\onedrive\デスクトップ\ゲーム制作２\git\ゲーム制作３\16hiramoto\3dプログラミング応用\ゲームプログラミング実習2021_vs2019\gameprogramming\debug\cxcharacter.obj
c:\users\hiram\onedrive\デスクトップ\ゲーム制作２\git\ゲーム制作３\16hiramoto\3dプログラミング応用\ゲームプログラミング実習2021_vs2019\gameprogramming\debug\cxenemy.obj
c:\users\hiram\onedrive\デスクトップ\ゲーム制作２\git\ゲーム制作３\16hiramoto\3dプログラミング応用\ゲームプログラミング実習2021_vs2019\gameprogramming\debug\cxplayer.obj
c:\users\hiram\onedrive\デスクトップ\ゲーム制作２\git\ゲーム制作３\16hiramoto\3dプログラミング応用\ゲームプログラミング実習2021_vs2019\gameprogramming\debug\main.obj
c:\users\hiram\onedrive\デスクトップ\ゲーム制作２\git\ゲーム制作３\16hiramoto\3dプログラミング応用\ゲームプログラミング実習2021_vs2019\gameprogramming\debug\gameprogramming.ilk
c:\users\hiram\onedrive\デスクトップ\ゲーム制作２\git\ゲーム制作３\16hiramoto\3dプログラミング応用\ゲームプログラミング実習2021_vs2019\debug\gameprogramming.exe
c:\users\hiram\onedrive\デスクトップ\ゲーム制作２\git\ゲーム制作３\16hiramoto\3dプログラミング応用\ゲームプログラミング実習2021_vs2019\debug\gameprogramming.pdb
c:\users\hiram\onedrive\デスクトップ\ゲーム制作２\git\ゲーム制作３\16hiramoto\3dプログラミング応用\ゲームプログラミング実習2021_vs2019\gameprogramming\debug\vc.nativecodeanalysis.all.xml
c:\users\hiram\onedrive\デスクトップ\ゲーム制作２\git\ゲーム制作３\16hiramoto\3dプログラミング応用\ゲームプログラミング実習2021_vs2019\gameprogramming\debug\gameprogramming.tlog\cl.command.1.tlog
c:\users\hiram\onedrive\デスクトップ\ゲーム制作２\git\ゲーム制作３\16hiramoto\3dプログラミング応用\ゲームプログラミング実習2021_vs2019\gameprogramming\debug\gameprogramming.tlog\cl.read.1.tlog
c:\users\hiram\onedrive\デスクトップ\ゲーム制作２\git\ゲーム制作３\16hiramoto\3dプログラミング応用\ゲームプログラミング実習2021_vs2019\gameprogramming\debug\gameprogramming.tlog\cl.write.1.tlog
c:\users\hiram\onedrive\デスクトップ\ゲーム制作２\git\ゲーム制作３\16hiramoto\3dプログラミング応用\ゲームプログラミング実習2021_vs2019\gameprogramming\debug\gameprogramming.tlog\link.command.1.tlog
c:\users\hiram\onedrive\デスクトップ\ゲーム制作２\git\ゲーム制作３\16hiramoto\3dプログラミング応用\ゲームプログラミング実習2021_vs2019\gameprogramming\debug\gameprogramming.tlog\link.read.1.tlog
c:\users\hiram\onedrive\デスクトップ\ゲーム制作２\git\ゲーム制作３\16hiramoto\3dプログラミング応用\ゲームプログラミング実習2021_vs2019\gameprogramming\debug\gameprogramming.tlog\link.write.1.tlog
