c:\users\hiram\onedrive\デスクトップ\git\git\ゲーム制作３．１\16hiramoto\開発用\gameprogramming\release\vc142.pdb
c:\users\hiram\onedrive\デスクトップ\git\git\ゲーム制作３．１\16hiramoto\開発用\gameprogramming\release\ckey.obj
c:\users\hiram\onedrive\デスクトップ\git\git\ゲーム制作３．１\16hiramoto\開発用\gameprogramming\release\citem.obj
c:\users\hiram\onedrive\デスクトップ\git\git\ゲーム制作３．１\16hiramoto\開発用\gameprogramming\release\cinput.obj
c:\users\hiram\onedrive\デスクトップ\git\git\ゲーム制作３．１\16hiramoto\開発用\gameprogramming\release\cfade.obj
c:\users\hiram\onedrive\デスクトップ\git\git\ゲーム制作３．１\16hiramoto\開発用\gameprogramming\release\cenemysummon.obj
c:\users\hiram\onedrive\デスクトップ\git\git\ゲーム制作３．１\16hiramoto\開発用\gameprogramming\release\cenemy3.obj
c:\users\hiram\onedrive\デスクトップ\git\git\ゲーム制作３．１\16hiramoto\開発用\gameprogramming\release\cenemy2.obj
c:\users\hiram\onedrive\デスクトップ\git\git\ゲーム制作３．１\16hiramoto\開発用\gameprogramming\release\ceffect2.obj
c:\users\hiram\onedrive\デスクトップ\git\git\ゲーム制作３．１\16hiramoto\開発用\gameprogramming\release\ceffect.obj
c:\users\hiram\onedrive\デスクトップ\git\git\ゲーム制作３．１\16hiramoto\開発用\gameprogramming\release\ccollisionmanager.obj
c:\users\hiram\onedrive\デスクトップ\git\git\ゲーム制作３．１\16hiramoto\開発用\gameprogramming\release\ccollidertriangle.obj
c:\users\hiram\onedrive\デスクトップ\git\git\ゲーム制作３．１\16hiramoto\開発用\gameprogramming\release\ccollidermesh.obj
c:\users\hiram\onedrive\デスクトップ\git\git\ゲーム制作３．１\16hiramoto\開発用\gameprogramming\release\ccolliderline.obj
c:\users\hiram\onedrive\デスクトップ\git\git\ゲーム制作３．１\16hiramoto\開発用\gameprogramming\release\ccollider.obj
c:\users\hiram\onedrive\デスクトップ\git\git\ゲーム制作３．１\16hiramoto\開発用\gameprogramming\release\ccharacter.obj
c:\users\hiram\onedrive\デスクトップ\git\git\ゲーム制作３．１\16hiramoto\開発用\gameprogramming\release\ccamera.obj
c:\users\hiram\onedrive\デスクトップ\git\git\ゲーム制作３．１\16hiramoto\開発用\gameprogramming\release\cbullet.obj
c:\users\hiram\onedrive\デスクトップ\git\git\ゲーム制作３．１\16hiramoto\開発用\gameprogramming\release\cboss.obj
c:\users\hiram\onedrive\デスクトップ\git\git\ゲーム制作３．１\16hiramoto\開発用\gameprogramming\release\cbillboard2.obj
c:\users\hiram\onedrive\デスクトップ\git\git\ゲーム制作３．１\16hiramoto\開発用\gameprogramming\release\cbillboard.obj
c:\users\hiram\onedrive\デスクトップ\git\git\ゲーム制作３．１\16hiramoto\開発用\gameprogramming\release\ctransform.obj
c:\users\hiram\onedrive\デスクトップ\git\git\ゲーム制作３．１\16hiramoto\開発用\gameprogramming\release\ctexture.obj
c:\users\hiram\onedrive\デスクトップ\git\git\ゲーム制作３．１\16hiramoto\開発用\gameprogramming\release\ctext.obj
c:\users\hiram\onedrive\デスクトップ\git\git\ゲーム制作３．１\16hiramoto\開発用\gameprogramming\release\ctaskmanager.obj
c:\users\hiram\onedrive\デスクトップ\git\git\ゲーム制作３．１\16hiramoto\開発用\gameprogramming\release\ctarget.obj
c:\users\hiram\onedrive\デスクトップ\git\git\ゲーム制作３．１\16hiramoto\開発用\gameprogramming\release\csound.obj
c:\users\hiram\onedrive\デスクトップ\git\git\ゲーム制作３．１\16hiramoto\開発用\gameprogramming\release\cshadowmap.obj
c:\users\hiram\onedrive\デスクトップ\git\git\ゲーム制作３．１\16hiramoto\開発用\gameprogramming\release\cshader.obj
c:\users\hiram\onedrive\デスクトップ\git\git\ゲーム制作３．１\16hiramoto\開発用\gameprogramming\release\cscenetitle.obj
c:\users\hiram\onedrive\デスクトップ\git\git\ゲーム制作３．１\16hiramoto\開発用\gameprogramming\release\cscenemanager.obj
c:\users\hiram\onedrive\デスクトップ\git\git\ゲーム制作３．１\16hiramoto\開発用\gameprogramming\release\cscenegame.obj
c:\users\hiram\onedrive\デスクトップ\git\git\ゲーム制作３．１\16hiramoto\開発用\gameprogramming\release\crock.obj
c:\users\hiram\onedrive\デスクトップ\git\git\ゲーム制作３．１\16hiramoto\開発用\gameprogramming\release\cres.obj
c:\users\hiram\onedrive\デスクトップ\git\git\ゲーム制作３．１\16hiramoto\開発用\gameprogramming\release\cplayer.obj
c:\users\hiram\onedrive\デスクトップ\git\git\ゲーム制作３．１\16hiramoto\開発用\gameprogramming\release\cmyshader.obj
c:\users\hiram\onedrive\デスクトップ\git\git\ゲーム制作３．１\16hiramoto\開発用\gameprogramming\release\cmodelx.obj
c:\users\hiram\onedrive\デスクトップ\git\git\ゲーム制作３．１\16hiramoto\開発用\gameprogramming\release\cmodel.obj
c:\users\hiram\onedrive\デスクトップ\git\git\ゲーム制作３．１\16hiramoto\開発用\gameprogramming\release\cmatrix.obj
c:\users\hiram\onedrive\デスクトップ\git\git\ゲーム制作３．１\16hiramoto\開発用\gameprogramming\release\cmaterial.obj
c:\users\hiram\onedrive\デスクトップ\git\git\ゲーム制作３．１\16hiramoto\開発用\gameprogramming\release\cmap.obj
c:\users\hiram\onedrive\デスクトップ\git\git\ゲーム制作３．１\16hiramoto\開発用\gameprogramming\release\main.obj
c:\users\hiram\onedrive\デスクトップ\git\git\ゲーム制作３．１\16hiramoto\開発用\gameprogramming\release\cxplayer.obj
c:\users\hiram\onedrive\デスクトップ\git\git\ゲーム制作３．１\16hiramoto\開発用\gameprogramming\release\cxcharacter.obj
c:\users\hiram\onedrive\デスクトップ\git\git\ゲーム制作３．１\16hiramoto\開発用\gameprogramming\release\cvector.obj
c:\users\hiram\onedrive\デスクトップ\git\git\ゲーム制作３．１\16hiramoto\開発用\gameprogramming\release\cutil.obj
c:\users\hiram\onedrive\デスクトップ\git\git\ゲーム制作３．１\16hiramoto\開発用\gameprogramming\release\ctriangle.obj
c:\users\hiram\onedrive\デスクトップ\git\git\ゲーム制作３．１\16hiramoto\開発用\gameprogramming\release\cflag.obj
c:\users\hiram\onedrive\デスクトップ\git\git\ゲーム制作３．１\16hiramoto\開発用\gameprogramming\release\gameprogramming.tlog\cl.command.1.tlog
c:\users\hiram\onedrive\デスクトップ\git\git\ゲーム制作３．１\16hiramoto\開発用\gameprogramming\release\gameprogramming.tlog\cl.read.1.tlog
c:\users\hiram\onedrive\デスクトップ\git\git\ゲーム制作３．１\16hiramoto\開発用\gameprogramming\release\gameprogramming.tlog\cl.write.1.tlog
c:\users\hiram\onedrive\デスクトップ\git\git\ゲーム制作３．１\16hiramoto\開発用\gameprogramming\release\gameprogramming.tlog\link.command.1.tlog
c:\users\hiram\onedrive\デスクトップ\git\git\ゲーム制作３．１\16hiramoto\開発用\gameprogramming\release\gameprogramming.tlog\link.read.1.tlog
c:\users\hiram\onedrive\デスクトップ\git\git\ゲーム制作３．１\16hiramoto\開発用\gameprogramming\release\gameprogramming.tlog\link.write.1.tlog
