  CBillBoard.cpp
  CBillboard2.cpp
  CBullet.cpp
  CCamera.cpp
  CCharacter.cpp
  CCollider.cpp
  CColliderLine.cpp
  CColliderMesh.cpp
  CColliderTriangle.cpp
  CCollisionManager.cpp
  CEffect.cpp
  CEnemy.cpp
  CEnemy2.cpp
  CInput.cpp
C:\Program Files (x86)\Windows Kits\10\Include\10.0.18362.0\shared\minwindef.h(130,1): warning C4005: 'APIENTRY': マクロが再定義されました。
C:\Users\hiram\OneDrive\デスクトップ\ゲームプログラミング実習2021_vs2019_20211011\ゲームプログラミング実習2021_vs2019_20211011\GameProgramming\include\GLFW\glfw3.h(98): message : 'APIENTRY' の以前の定義を確認してください
  CKey.cpp
  CMap.cpp
  CMaterial.cpp
  CMatrix.cpp
  CModel.cpp
  CModelX.cpp
  コードを生成中...
  コンパイル中...
  CMyShader.cpp
  CPlayer.cpp
  CRes.cpp
  CSceneGame.cpp
  CSceneManager.cpp
  CShader.cpp
  CSound.cpp
  CTaskManager.cpp
  CText.cpp
  CTexture.cpp
  CTransform.cpp
  CTriangle.cpp
  CUtil.cpp
  CVector.cpp
  CXCharacter.cpp
  CXEnemy.cpp
  CXPlayer.cpp
  main.cpp
  コードを生成中...
  LINK : 前回のインクリメンタル リンクで C:\Users\hiram\OneDrive\デスクトップ\ゲームプログラミング実習2021_vs2019_20211011\ゲームプログラミング実習2021_vs2019_20211011\Debug\GameProgramming.exe が見つからなかったか、ビルドされませんでした。フル リンクを行います。
  GameProgramming.vcxproj -> C:\Users\hiram\OneDrive\デスクトップ\ゲームプログラミング実習2021_vs2019_20211011\ゲームプログラミング実習2021_vs2019_20211011\Debug\GameProgramming.exe
