e:\穴吹資料\00anabuki-master\3dプログラミング応用\ゲームプログラミング実習2021_vs2019\gameprogramming\debug\vc142.pdb
e:\穴吹資料\00anabuki-master\3dプログラミング応用\ゲームプログラミング実習2021_vs2019\gameprogramming\debug\vc142.idb
e:\穴吹資料\00anabuki-master\3dプログラミング応用\ゲームプログラミング実習2021_vs2019\gameprogramming\debug\cmodelx.obj
e:\穴吹資料\00anabuki-master\3dプログラミング応用\ゲームプログラミング実習2021_vs2019\gameprogramming\debug\cmodel.obj
e:\穴吹資料\00anabuki-master\3dプログラミング応用\ゲームプログラミング実習2021_vs2019\gameprogramming\debug\cmatrix.obj
e:\穴吹資料\00anabuki-master\3dプログラミング応用\ゲームプログラミング実習2021_vs2019\gameprogramming\debug\cmaterial.obj
e:\穴吹資料\00anabuki-master\3dプログラミング応用\ゲームプログラミング実習2021_vs2019\gameprogramming\debug\cmap.obj
e:\穴吹資料\00anabuki-master\3dプログラミング応用\ゲームプログラミング実習2021_vs2019\gameprogramming\debug\ckey.obj
e:\穴吹資料\00anabuki-master\3dプログラミング応用\ゲームプログラミング実習2021_vs2019\gameprogramming\debug\cinput.obj
e:\穴吹資料\00anabuki-master\3dプログラミング応用\ゲームプログラミング実習2021_vs2019\gameprogramming\debug\cenemy2.obj
e:\穴吹資料\00anabuki-master\3dプログラミング応用\ゲームプログラミング実習2021_vs2019\gameprogramming\debug\cenemy.obj
e:\穴吹資料\00anabuki-master\3dプログラミング応用\ゲームプログラミング実習2021_vs2019\gameprogramming\debug\ceffect.obj
e:\穴吹資料\00anabuki-master\3dプログラミング応用\ゲームプログラミング実習2021_vs2019\gameprogramming\debug\ccollisionmanager.obj
e:\穴吹資料\00anabuki-master\3dプログラミング応用\ゲームプログラミング実習2021_vs2019\gameprogramming\debug\ccollidertriangle.obj
e:\穴吹資料\00anabuki-master\3dプログラミング応用\ゲームプログラミング実習2021_vs2019\gameprogramming\debug\ccollidermesh.obj
e:\穴吹資料\00anabuki-master\3dプログラミング応用\ゲームプログラミング実習2021_vs2019\gameprogramming\debug\ccolliderline.obj
e:\穴吹資料\00anabuki-master\3dプログラミング応用\ゲームプログラミング実習2021_vs2019\gameprogramming\debug\ccollider.obj
e:\穴吹資料\00anabuki-master\3dプログラミング応用\ゲームプログラミング実習2021_vs2019\gameprogramming\debug\ccharacter.obj
e:\穴吹資料\00anabuki-master\3dプログラミング応用\ゲームプログラミング実習2021_vs2019\gameprogramming\debug\ccamera.obj
e:\穴吹資料\00anabuki-master\3dプログラミング応用\ゲームプログラミング実習2021_vs2019\gameprogramming\debug\cbullet.obj
e:\穴吹資料\00anabuki-master\3dプログラミング応用\ゲームプログラミング実習2021_vs2019\gameprogramming\debug\cbillboard2.obj
e:\穴吹資料\00anabuki-master\3dプログラミング応用\ゲームプログラミング実習2021_vs2019\gameprogramming\debug\cbillboard.obj
e:\穴吹資料\00anabuki-master\3dプログラミング応用\ゲームプログラミング実習2021_vs2019\gameprogramming\debug\main.obj
e:\穴吹資料\00anabuki-master\3dプログラミング応用\ゲームプログラミング実習2021_vs2019\gameprogramming\debug\cxplayer.obj
e:\穴吹資料\00anabuki-master\3dプログラミング応用\ゲームプログラミング実習2021_vs2019\gameprogramming\debug\cxenemy.obj
e:\穴吹資料\00anabuki-master\3dプログラミング応用\ゲームプログラミング実習2021_vs2019\gameprogramming\debug\cxcharacter.obj
e:\穴吹資料\00anabuki-master\3dプログラミング応用\ゲームプログラミング実習2021_vs2019\gameprogramming\debug\cvector.obj
e:\穴吹資料\00anabuki-master\3dプログラミング応用\ゲームプログラミング実習2021_vs2019\gameprogramming\debug\cutil.obj
e:\穴吹資料\00anabuki-master\3dプログラミング応用\ゲームプログラミング実習2021_vs2019\gameprogramming\debug\ctriangle.obj
e:\穴吹資料\00anabuki-master\3dプログラミング応用\ゲームプログラミング実習2021_vs2019\gameprogramming\debug\ctransform.obj
e:\穴吹資料\00anabuki-master\3dプログラミング応用\ゲームプログラミング実習2021_vs2019\gameprogramming\debug\ctexture.obj
e:\穴吹資料\00anabuki-master\3dプログラミング応用\ゲームプログラミング実習2021_vs2019\gameprogramming\debug\ctext.obj
e:\穴吹資料\00anabuki-master\3dプログラミング応用\ゲームプログラミング実習2021_vs2019\gameprogramming\debug\ctaskmanager.obj
e:\穴吹資料\00anabuki-master\3dプログラミング応用\ゲームプログラミング実習2021_vs2019\gameprogramming\debug\csound.obj
e:\穴吹資料\00anabuki-master\3dプログラミング応用\ゲームプログラミング実習2021_vs2019\gameprogramming\debug\cshader.obj
e:\穴吹資料\00anabuki-master\3dプログラミング応用\ゲームプログラミング実習2021_vs2019\gameprogramming\debug\cscenemanager.obj
e:\穴吹資料\00anabuki-master\3dプログラミング応用\ゲームプログラミング実習2021_vs2019\gameprogramming\debug\cscenegame.obj
e:\穴吹資料\00anabuki-master\3dプログラミング応用\ゲームプログラミング実習2021_vs2019\gameprogramming\debug\cres.obj
e:\穴吹資料\00anabuki-master\3dプログラミング応用\ゲームプログラミング実習2021_vs2019\gameprogramming\debug\cplayer.obj
e:\穴吹資料\00anabuki-master\3dプログラミング応用\ゲームプログラミング実習2021_vs2019\gameprogramming\debug\cmyshader.obj
e:\穴吹資料\00anabuki-master\3dプログラミング応用\ゲームプログラミング実習2021_vs2019\debug\gameprogramming.exe
e:\穴吹資料\00anabuki-master\3dプログラミング応用\ゲームプログラミング実習2021_vs2019\gameprogramming\debug\gameprogramming.ilk
e:\穴吹資料\00anabuki-master\3dプログラミング応用\ゲームプログラミング実習2021_vs2019\debug\gameprogramming.pdb
e:\穴吹資料\00anabuki-master\3dプログラミング応用\ゲームプログラミング実習2021_vs2019\gameprogramming\debug\gameprogramming.tlog\cl.command.1.tlog
e:\穴吹資料\00anabuki-master\3dプログラミング応用\ゲームプログラミング実習2021_vs2019\gameprogramming\debug\gameprogramming.tlog\cl.read.1.tlog
e:\穴吹資料\00anabuki-master\3dプログラミング応用\ゲームプログラミング実習2021_vs2019\gameprogramming\debug\gameprogramming.tlog\cl.write.1.tlog
e:\穴吹資料\00anabuki-master\3dプログラミング応用\ゲームプログラミング実習2021_vs2019\gameprogramming\debug\gameprogramming.tlog\link.command.1.tlog
e:\穴吹資料\00anabuki-master\3dプログラミング応用\ゲームプログラミング実習2021_vs2019\gameprogramming\debug\gameprogramming.tlog\link.read.1.tlog
e:\穴吹資料\00anabuki-master\3dプログラミング応用\ゲームプログラミング実習2021_vs2019\gameprogramming\debug\gameprogramming.tlog\link.write.1.tlog
