  CBillBoard.cpp
  CBillboard2.cpp
  CBoss.cpp
  CBullet.cpp
  CCamera.cpp
  CCharacter.cpp
  CCollider.cpp
  CColliderLine.cpp
  CColliderMesh.cpp
  CColliderTriangle.cpp
  CCollisionManager.cpp
  CEffect.cpp
  CEffect2.cpp
  CEnemy.cpp
  CEnemy2.cpp
  CEnemy3.cpp
  CEnemySummon.cpp
  CFade.cpp
  CInput.cpp
  CItem.cpp
  コードを生成中...
  コンパイル中...
  CKey.cpp
  CMap.cpp
  CMaterial.cpp
  CMatrix.cpp
  CModel.cpp
  CModelX.cpp
  CMyShader.cpp
  CPlayer.cpp
  CRes.cpp
  CRock.cpp
  CSceneGame.cpp
  CSceneManager.cpp
  CSceneTitle.cpp
  CShader.cpp
  CShadowMap.cpp
  CSound.cpp
  CTarget.cpp
  CTaskManager.cpp
  CText.cpp
  CTexture.cpp
  コードを生成中...
  コンパイル中...
  CTransform.cpp
  CFlag.cpp
  CTriangle.cpp
  CUtil.cpp
  CVector.cpp
  CXCharacter.cpp
  CXPlayer.cpp
  main.cpp
  コードを生成中...
  GameProgramming.vcxproj -> C:\Users\hiram\OneDrive\デスクトップ\GIT\Git\ゲーム制作３\16Hiramoto\ゲーム制作  プログラム移動先\ソースプロジェクト\Debug\GameProgramming.exe
