c:\users\hiram\onedrive\デスクトップ\git\git\ゲーム制作３\16hiramoto\ゲーム制作  プログラム移動先\gameprogramming\debug\vc142.pdb
c:\users\hiram\onedrive\デスクトップ\git\git\ゲーム制作３\16hiramoto\ゲーム制作  プログラム移動先\gameprogramming\debug\vc142.idb
c:\users\hiram\onedrive\デスクトップ\git\git\ゲーム制作３\16hiramoto\ゲーム制作  プログラム移動先\gameprogramming\debug\cmap.obj
c:\users\hiram\onedrive\デスクトップ\git\git\ゲーム制作３\16hiramoto\ゲーム制作  プログラム移動先\gameprogramming\debug\ckey.obj
c:\users\hiram\onedrive\デスクトップ\git\git\ゲーム制作３\16hiramoto\ゲーム制作  プログラム移動先\gameprogramming\debug\citem.obj
c:\users\hiram\onedrive\デスクトップ\git\git\ゲーム制作３\16hiramoto\ゲーム制作  プログラム移動先\gameprogramming\debug\cinput.obj
c:\users\hiram\onedrive\デスクトップ\git\git\ゲーム制作３\16hiramoto\ゲーム制作  プログラム移動先\gameprogramming\debug\cenemysummon.obj
c:\users\hiram\onedrive\デスクトップ\git\git\ゲーム制作３\16hiramoto\ゲーム制作  プログラム移動先\gameprogramming\debug\cenemymanager.obj
c:\users\hiram\onedrive\デスクトップ\git\git\ゲーム制作３\16hiramoto\ゲーム制作  プログラム移動先\gameprogramming\debug\cenemy3.obj
c:\users\hiram\onedrive\デスクトップ\git\git\ゲーム制作３\16hiramoto\ゲーム制作  プログラム移動先\gameprogramming\debug\cenemy2.obj
c:\users\hiram\onedrive\デスクトップ\git\git\ゲーム制作３\16hiramoto\ゲーム制作  プログラム移動先\gameprogramming\debug\cenemy.obj
c:\users\hiram\onedrive\デスクトップ\git\git\ゲーム制作３\16hiramoto\ゲーム制作  プログラム移動先\gameprogramming\debug\ceffect.obj
c:\users\hiram\onedrive\デスクトップ\git\git\ゲーム制作３\16hiramoto\ゲーム制作  プログラム移動先\gameprogramming\debug\ccollisionmanager.obj
c:\users\hiram\onedrive\デスクトップ\git\git\ゲーム制作３\16hiramoto\ゲーム制作  プログラム移動先\gameprogramming\debug\ccollidertriangle.obj
c:\users\hiram\onedrive\デスクトップ\git\git\ゲーム制作３\16hiramoto\ゲーム制作  プログラム移動先\gameprogramming\debug\ccollidermesh.obj
c:\users\hiram\onedrive\デスクトップ\git\git\ゲーム制作３\16hiramoto\ゲーム制作  プログラム移動先\gameprogramming\debug\ccolliderline.obj
c:\users\hiram\onedrive\デスクトップ\git\git\ゲーム制作３\16hiramoto\ゲーム制作  プログラム移動先\gameprogramming\debug\ccollider.obj
c:\users\hiram\onedrive\デスクトップ\git\git\ゲーム制作３\16hiramoto\ゲーム制作  プログラム移動先\gameprogramming\debug\ccharacter.obj
c:\users\hiram\onedrive\デスクトップ\git\git\ゲーム制作３\16hiramoto\ゲーム制作  プログラム移動先\gameprogramming\debug\ccamera.obj
c:\users\hiram\onedrive\デスクトップ\git\git\ゲーム制作３\16hiramoto\ゲーム制作  プログラム移動先\gameprogramming\debug\cbullet.obj
c:\users\hiram\onedrive\デスクトップ\git\git\ゲーム制作３\16hiramoto\ゲーム制作  プログラム移動先\gameprogramming\debug\cbillboard2.obj
c:\users\hiram\onedrive\デスクトップ\git\git\ゲーム制作３\16hiramoto\ゲーム制作  プログラム移動先\gameprogramming\debug\cbillboard.obj
c:\users\hiram\onedrive\デスクトップ\git\git\ゲーム制作３\16hiramoto\ゲーム制作  プログラム移動先\gameprogramming\debug\cvector.obj
c:\users\hiram\onedrive\デスクトップ\git\git\ゲーム制作３\16hiramoto\ゲーム制作  プログラム移動先\gameprogramming\debug\cutil.obj
c:\users\hiram\onedrive\デスクトップ\git\git\ゲーム制作３\16hiramoto\ゲーム制作  プログラム移動先\gameprogramming\debug\ctriangle.obj
c:\users\hiram\onedrive\デスクトップ\git\git\ゲーム制作３\16hiramoto\ゲーム制作  プログラム移動先\gameprogramming\debug\ctree.obj
c:\users\hiram\onedrive\デスクトップ\git\git\ゲーム制作３\16hiramoto\ゲーム制作  プログラム移動先\gameprogramming\debug\ctransform.obj
c:\users\hiram\onedrive\デスクトップ\git\git\ゲーム制作３\16hiramoto\ゲーム制作  プログラム移動先\gameprogramming\debug\ctexture.obj
c:\users\hiram\onedrive\デスクトップ\git\git\ゲーム制作３\16hiramoto\ゲーム制作  プログラム移動先\gameprogramming\debug\ctext.obj
c:\users\hiram\onedrive\デスクトップ\git\git\ゲーム制作３\16hiramoto\ゲーム制作  プログラム移動先\gameprogramming\debug\ctaskmanager.obj
c:\users\hiram\onedrive\デスクトップ\git\git\ゲーム制作３\16hiramoto\ゲーム制作  プログラム移動先\gameprogramming\debug\csound.obj
c:\users\hiram\onedrive\デスクトップ\git\git\ゲーム制作３\16hiramoto\ゲーム制作  プログラム移動先\gameprogramming\debug\cshader.obj
c:\users\hiram\onedrive\デスクトップ\git\git\ゲーム制作３\16hiramoto\ゲーム制作  プログラム移動先\gameprogramming\debug\cscenemanager.obj
c:\users\hiram\onedrive\デスクトップ\git\git\ゲーム制作３\16hiramoto\ゲーム制作  プログラム移動先\gameprogramming\debug\cscenegame.obj
c:\users\hiram\onedrive\デスクトップ\git\git\ゲーム制作３\16hiramoto\ゲーム制作  プログラム移動先\gameprogramming\debug\crock.obj
c:\users\hiram\onedrive\デスクトップ\git\git\ゲーム制作３\16hiramoto\ゲーム制作  プログラム移動先\gameprogramming\debug\cres.obj
c:\users\hiram\onedrive\デスクトップ\git\git\ゲーム制作３\16hiramoto\ゲーム制作  プログラム移動先\gameprogramming\debug\cplayer.obj
c:\users\hiram\onedrive\デスクトップ\git\git\ゲーム制作３\16hiramoto\ゲーム制作  プログラム移動先\gameprogramming\debug\cmyshader.obj
c:\users\hiram\onedrive\デスクトップ\git\git\ゲーム制作３\16hiramoto\ゲーム制作  プログラム移動先\gameprogramming\debug\cmodelx.obj
c:\users\hiram\onedrive\デスクトップ\git\git\ゲーム制作３\16hiramoto\ゲーム制作  プログラム移動先\gameprogramming\debug\cmodel.obj
c:\users\hiram\onedrive\デスクトップ\git\git\ゲーム制作３\16hiramoto\ゲーム制作  プログラム移動先\gameprogramming\debug\cmatrix.obj
c:\users\hiram\onedrive\デスクトップ\git\git\ゲーム制作３\16hiramoto\ゲーム制作  プログラム移動先\gameprogramming\debug\cmaterial.obj
c:\users\hiram\onedrive\デスクトップ\git\git\ゲーム制作３\16hiramoto\ゲーム制作  プログラム移動先\gameprogramming\debug\main.obj
c:\users\hiram\onedrive\デスクトップ\git\git\ゲーム制作３\16hiramoto\ゲーム制作  プログラム移動先\gameprogramming\debug\cxplayer.obj
c:\users\hiram\onedrive\デスクトップ\git\git\ゲーム制作３\16hiramoto\ゲーム制作  プログラム移動先\gameprogramming\debug\cxenemy.obj
c:\users\hiram\onedrive\デスクトップ\git\git\ゲーム制作３\16hiramoto\ゲーム制作  プログラム移動先\gameprogramming\debug\cxcharacter.obj
c:\users\hiram\onedrive\デスクトップ\git\git\ゲーム制作３\16hiramoto\ゲーム制作  プログラム移動先\debug\gameprogramming.exe
c:\users\hiram\onedrive\デスクトップ\git\git\ゲーム制作３\16hiramoto\ゲーム制作  プログラム移動先\gameprogramming\debug\gameprogramming.ilk
c:\users\hiram\onedrive\デスクトップ\git\git\ゲーム制作３\16hiramoto\ゲーム制作  プログラム移動先\debug\gameprogramming.pdb
c:\users\hiram\onedrive\デスクトップ\git\git\ゲーム制作３\16hiramoto\ゲーム制作  プログラム移動先\gameprogramming\debug\gameprogramming.tlog\cl.command.1.tlog
c:\users\hiram\onedrive\デスクトップ\git\git\ゲーム制作３\16hiramoto\ゲーム制作  プログラム移動先\gameprogramming\debug\gameprogramming.tlog\cl.read.1.tlog
c:\users\hiram\onedrive\デスクトップ\git\git\ゲーム制作３\16hiramoto\ゲーム制作  プログラム移動先\gameprogramming\debug\gameprogramming.tlog\cl.write.1.tlog
c:\users\hiram\onedrive\デスクトップ\git\git\ゲーム制作３\16hiramoto\ゲーム制作  プログラム移動先\gameprogramming\debug\gameprogramming.tlog\link.command.1.tlog
c:\users\hiram\onedrive\デスクトップ\git\git\ゲーム制作３\16hiramoto\ゲーム制作  プログラム移動先\gameprogramming\debug\gameprogramming.tlog\link.read.1.tlog
c:\users\hiram\onedrive\デスクトップ\git\git\ゲーム制作３\16hiramoto\ゲーム制作  プログラム移動先\gameprogramming\debug\gameprogramming.tlog\link.write.1.tlog
