  CBillBoard.cpp
  CBillboard2.cpp
  CBoss.cpp
C:\Users\hiram\OneDrive\デスクトップ\GIT\Git\ゲーム制作３\16Hiramoto\ゲーム制作  プログラム移動先\GameProgramming\CSound.h(105,50): warning C4101: 'cnt': ローカル変数は 1 度も使われていません。
C:\Users\hiram\OneDrive\デスクトップ\GIT\Git\ゲーム制作３\16Hiramoto\ゲーム制作  プログラム移動先\GameProgramming\CSound.h(104,24): warning C4101: 'state': ローカル変数は 1 度も使われていません。
C:\Users\hiram\OneDrive\デスクトップ\GIT\Git\ゲーム制作３\16Hiramoto\ゲーム制作  プログラム移動先\GameProgramming\CSound.h(105,87): warning C4101: 'dw': ローカル変数は 1 度も使われていません。
  CBullet.cpp
  CCamera.cpp
  CCharacter.cpp
  CCollider.cpp
  CColliderLine.cpp
  CColliderMesh.cpp
  CColliderTriangle.cpp
  CCollisionManager.cpp
  CEffect.cpp
  CEnemy.cpp
  CEnemy2.cpp
C:\Users\hiram\OneDrive\デスクトップ\GIT\Git\ゲーム制作３\16Hiramoto\ゲーム制作  プログラム移動先\GameProgramming\CSound.h(105,50): warning C4101: 'cnt': ローカル変数は 1 度も使われていません。
C:\Users\hiram\OneDrive\デスクトップ\GIT\Git\ゲーム制作３\16Hiramoto\ゲーム制作  プログラム移動先\GameProgramming\CSound.h(104,24): warning C4101: 'state': ローカル変数は 1 度も使われていません。
C:\Users\hiram\OneDrive\デスクトップ\GIT\Git\ゲーム制作３\16Hiramoto\ゲーム制作  プログラム移動先\GameProgramming\CSound.h(105,87): warning C4101: 'dw': ローカル変数は 1 度も使われていません。
  CEnemy3.cpp
C:\Users\hiram\OneDrive\デスクトップ\GIT\Git\ゲーム制作３\16Hiramoto\ゲーム制作  プログラム移動先\GameProgramming\CSound.h(105,50): warning C4101: 'cnt': ローカル変数は 1 度も使われていません。
C:\Users\hiram\OneDrive\デスクトップ\GIT\Git\ゲーム制作３\16Hiramoto\ゲーム制作  プログラム移動先\GameProgramming\CSound.h(104,24): warning C4101: 'state': ローカル変数は 1 度も使われていません。
C:\Users\hiram\OneDrive\デスクトップ\GIT\Git\ゲーム制作３\16Hiramoto\ゲーム制作  プログラム移動先\GameProgramming\CSound.h(105,87): warning C4101: 'dw': ローカル変数は 1 度も使われていません。
  CEnemyManager.cpp
  CEnemySummon.cpp
  CInput.cpp
C:\Program Files (x86)\Windows Kits\10\Include\10.0.18362.0\shared\minwindef.h(130,1): warning C4005: 'APIENTRY': マクロが再定義されました。
C:\Users\hiram\OneDrive\デスクトップ\GIT\Git\ゲーム制作３\16Hiramoto\ゲーム制作  プログラム移動先\GameProgramming\include\GLFW\glfw3.h(98): message : 'APIENTRY' の以前の定義を確認してください
  CItem.cpp
  CKey.cpp
  コードを生成中...
  コンパイル中...
  CMap.cpp
  CMaterial.cpp
  CMatrix.cpp
  CModel.cpp
  CModelX.cpp
  CMyShader.cpp
  CPlayer.cpp
  CRes.cpp
  CRock.cpp
  CSceneGame.cpp
C:\Users\hiram\OneDrive\デスクトップ\GIT\Git\ゲーム制作３\16Hiramoto\ゲーム制作  プログラム移動先\GameProgramming\CSound.h(105,50): warning C4101: 'cnt': ローカル変数は 1 度も使われていません。
C:\Users\hiram\OneDrive\デスクトップ\GIT\Git\ゲーム制作３\16Hiramoto\ゲーム制作  プログラム移動先\GameProgramming\CSound.h(104,24): warning C4101: 'state': ローカル変数は 1 度も使われていません。
C:\Users\hiram\OneDrive\デスクトップ\GIT\Git\ゲーム制作３\16Hiramoto\ゲーム制作  プログラム移動先\GameProgramming\CSound.h(105,87): warning C4101: 'dw': ローカル変数は 1 度も使われていません。
  CSceneManager.cpp
C:\Users\hiram\OneDrive\デスクトップ\GIT\Git\ゲーム制作３\16Hiramoto\ゲーム制作  プログラム移動先\GameProgramming\CSound.h(105,50): warning C4101: 'cnt': ローカル変数は 1 度も使われていません。
C:\Users\hiram\OneDrive\デスクトップ\GIT\Git\ゲーム制作３\16Hiramoto\ゲーム制作  プログラム移動先\GameProgramming\CSound.h(104,24): warning C4101: 'state': ローカル変数は 1 度も使われていません。
C:\Users\hiram\OneDrive\デスクトップ\GIT\Git\ゲーム制作３\16Hiramoto\ゲーム制作  プログラム移動先\GameProgramming\CSound.h(105,87): warning C4101: 'dw': ローカル変数は 1 度も使われていません。
  CShader.cpp
  CSound.cpp
C:\Users\hiram\OneDrive\デスクトップ\GIT\Git\ゲーム制作３\16Hiramoto\ゲーム制作  プログラム移動先\GameProgramming\CSound.h(105,50): warning C4101: 'cnt': ローカル変数は 1 度も使われていません。
C:\Users\hiram\OneDrive\デスクトップ\GIT\Git\ゲーム制作３\16Hiramoto\ゲーム制作  プログラム移動先\GameProgramming\CSound.h(104,24): warning C4101: 'state': ローカル変数は 1 度も使われていません。
C:\Users\hiram\OneDrive\デスクトップ\GIT\Git\ゲーム制作３\16Hiramoto\ゲーム制作  プログラム移動先\GameProgramming\CSound.h(105,87): warning C4101: 'dw': ローカル変数は 1 度も使われていません。
  CTaskManager.cpp
  CText.cpp
  CTexture.cpp
  CTransform.cpp
  CTree.cpp
  CTriangle.cpp
  CUtil.cpp
  コードを生成中...
  コンパイル中...
  CVector.cpp
  CXCharacter.cpp
  CXEnemy.cpp
  CXPlayer.cpp
  main.cpp
  コードを生成中...
  GameProgramming.vcxproj -> C:\Users\hiram\OneDrive\デスクトップ\GIT\Git\ゲーム制作３\16Hiramoto\ゲーム制作  プログラム移動先\Debug\GameProgramming.exe
