  CBoss.cpp
C:\Users\hiram\OneDrive\デスクトップ\GIT\Git\ゲーム制作３\16Hiramoto\ゲーム制作  プログラム移動先\GameProgramming\CSound.h(105,50): warning C4101: 'cnt': ローカル変数は 1 度も使われていません。
C:\Users\hiram\OneDrive\デスクトップ\GIT\Git\ゲーム制作３\16Hiramoto\ゲーム制作  プログラム移動先\GameProgramming\CSound.h(104,24): warning C4101: 'state': ローカル変数は 1 度も使われていません。
C:\Users\hiram\OneDrive\デスクトップ\GIT\Git\ゲーム制作３\16Hiramoto\ゲーム制作  プログラム移動先\GameProgramming\CSound.h(105,87): warning C4101: 'dw': ローカル変数は 1 度も使われていません。
C:\Users\hiram\OneDrive\デスクトップ\GIT\Git\ゲーム制作３\16Hiramoto\ゲーム制作  プログラム移動先\GameProgramming\CBoss.cpp(298,11): warning C4553: '==': 式の結果が使用されていません。'=' を意図していますか?
  CEnemy2.cpp
C:\Users\hiram\OneDrive\デスクトップ\GIT\Git\ゲーム制作３\16Hiramoto\ゲーム制作  プログラム移動先\GameProgramming\CSound.h(105,50): warning C4101: 'cnt': ローカル変数は 1 度も使われていません。
C:\Users\hiram\OneDrive\デスクトップ\GIT\Git\ゲーム制作３\16Hiramoto\ゲーム制作  プログラム移動先\GameProgramming\CSound.h(104,24): warning C4101: 'state': ローカル変数は 1 度も使われていません。
C:\Users\hiram\OneDrive\デスクトップ\GIT\Git\ゲーム制作３\16Hiramoto\ゲーム制作  プログラム移動先\GameProgramming\CSound.h(105,87): warning C4101: 'dw': ローカル変数は 1 度も使われていません。
C:\Users\hiram\OneDrive\デスクトップ\GIT\Git\ゲーム制作３\16Hiramoto\ゲーム制作  プログラム移動先\GameProgramming\CEnemy2.cpp(328,11): warning C4553: '==': 式の結果が使用されていません。'=' を意図していますか?
  CEnemy3.cpp
C:\Users\hiram\OneDrive\デスクトップ\GIT\Git\ゲーム制作３\16Hiramoto\ゲーム制作  プログラム移動先\GameProgramming\CSound.h(105,50): warning C4101: 'cnt': ローカル変数は 1 度も使われていません。
C:\Users\hiram\OneDrive\デスクトップ\GIT\Git\ゲーム制作３\16Hiramoto\ゲーム制作  プログラム移動先\GameProgramming\CSound.h(104,24): warning C4101: 'state': ローカル変数は 1 度も使われていません。
C:\Users\hiram\OneDrive\デスクトップ\GIT\Git\ゲーム制作３\16Hiramoto\ゲーム制作  プログラム移動先\GameProgramming\CSound.h(105,87): warning C4101: 'dw': ローカル変数は 1 度も使われていません。
C:\Users\hiram\OneDrive\デスクトップ\GIT\Git\ゲーム制作３\16Hiramoto\ゲーム制作  プログラム移動先\GameProgramming\CEnemy3.cpp(269,11): warning C4553: '==': 式の結果が使用されていません。'=' を意図していますか?
  CSceneGame.cpp
C:\Users\hiram\OneDrive\デスクトップ\GIT\Git\ゲーム制作３\16Hiramoto\ゲーム制作  プログラム移動先\GameProgramming\CSound.h(105,50): warning C4101: 'cnt': ローカル変数は 1 度も使われていません。
C:\Users\hiram\OneDrive\デスクトップ\GIT\Git\ゲーム制作３\16Hiramoto\ゲーム制作  プログラム移動先\GameProgramming\CSound.h(104,24): warning C4101: 'state': ローカル変数は 1 度も使われていません。
C:\Users\hiram\OneDrive\デスクトップ\GIT\Git\ゲーム制作３\16Hiramoto\ゲーム制作  プログラム移動先\GameProgramming\CSound.h(105,87): warning C4101: 'dw': ローカル変数は 1 度も使われていません。
  CSceneManager.cpp
C:\Users\hiram\OneDrive\デスクトップ\GIT\Git\ゲーム制作３\16Hiramoto\ゲーム制作  プログラム移動先\GameProgramming\CSound.h(105,50): warning C4101: 'cnt': ローカル変数は 1 度も使われていません。
C:\Users\hiram\OneDrive\デスクトップ\GIT\Git\ゲーム制作３\16Hiramoto\ゲーム制作  プログラム移動先\GameProgramming\CSound.h(104,24): warning C4101: 'state': ローカル変数は 1 度も使われていません。
C:\Users\hiram\OneDrive\デスクトップ\GIT\Git\ゲーム制作３\16Hiramoto\ゲーム制作  プログラム移動先\GameProgramming\CSound.h(105,87): warning C4101: 'dw': ローカル変数は 1 度も使われていません。
CEnemy2.obj : error LNK2005: "class CSound Damage" (?Damage@@3VCSound@@A) は既に CBoss.obj で定義されています。
CEnemy2.obj : error LNK2005: "class CSound SecondAttack" (?SecondAttack@@3VCSound@@A) は既に CBoss.obj で定義されています。
CEnemy2.obj : error LNK2005: "class CSound JumpAttack" (?JumpAttack@@3VCSound@@A) は既に CBoss.obj で定義されています。
CEnemy2.obj : error LNK2005: "class CSound Enemy2Voice" (?Enemy2Voice@@3VCSound@@A) は既に CBoss.obj で定義されています。
CEnemy2.obj : error LNK2005: "class CSound BossVoice" (?BossVoice@@3VCSound@@A) は既に CBoss.obj で定義されています。
CEnemy2.obj : error LNK2005: "class CSound BossMove" (?BossMove@@3VCSound@@A) は既に CBoss.obj で定義されています。
CEnemy2.obj : error LNK2005: "class CSound FirstAttack" (?FirstAttack@@3VCSound@@A) は既に CBoss.obj で定義されています。
CEnemy2.obj : error LNK2005: "class CSound Enemy3Fry" (?Enemy3Fry@@3VCSound@@A) は既に CBoss.obj で定義されています。
CEnemy2.obj : error LNK2005: "class CSound ThirdAttack" (?ThirdAttack@@3VCSound@@A) は既に CBoss.obj で定義されています。
CEnemy3.obj : error LNK2005: "class CSound Damage" (?Damage@@3VCSound@@A) は既に CBoss.obj で定義されています。
CEnemy3.obj : error LNK2005: "class CSound SecondAttack" (?SecondAttack@@3VCSound@@A) は既に CBoss.obj で定義されています。
CEnemy3.obj : error LNK2005: "class CSound JumpAttack" (?JumpAttack@@3VCSound@@A) は既に CBoss.obj で定義されています。
CEnemy3.obj : error LNK2005: "class CSound Enemy2Voice" (?Enemy2Voice@@3VCSound@@A) は既に CBoss.obj で定義されています。
CEnemy3.obj : error LNK2005: "class CSound BossVoice" (?BossVoice@@3VCSound@@A) は既に CBoss.obj で定義されています。
CEnemy3.obj : error LNK2005: "class CSound BossMove" (?BossMove@@3VCSound@@A) は既に CBoss.obj で定義されています。
CEnemy3.obj : error LNK2005: "class CSound FirstAttack" (?FirstAttack@@3VCSound@@A) は既に CBoss.obj で定義されています。
CEnemy3.obj : error LNK2005: "class CSound Enemy3Fry" (?Enemy3Fry@@3VCSound@@A) は既に CBoss.obj で定義されています。
CEnemy3.obj : error LNK2005: "class CSound ThirdAttack" (?ThirdAttack@@3VCSound@@A) は既に CBoss.obj で定義されています。
CSceneGame.obj : error LNK2005: "class CSound Damage" (?Damage@@3VCSound@@A) は既に CBoss.obj で定義されています。
CSceneGame.obj : error LNK2005: "class CSound SecondAttack" (?SecondAttack@@3VCSound@@A) は既に CBoss.obj で定義されています。
CSceneGame.obj : error LNK2005: "class CSound JumpAttack" (?JumpAttack@@3VCSound@@A) は既に CBoss.obj で定義されています。
CSceneGame.obj : error LNK2005: "class CSound Enemy2Voice" (?Enemy2Voice@@3VCSound@@A) は既に CBoss.obj で定義されています。
CSceneGame.obj : error LNK2005: "class CSound BossVoice" (?BossVoice@@3VCSound@@A) は既に CBoss.obj で定義されています。
CSceneGame.obj : error LNK2005: "class CSound BossMove" (?BossMove@@3VCSound@@A) は既に CBoss.obj で定義されています。
CSceneGame.obj : error LNK2005: "class CSound FirstAttack" (?FirstAttack@@3VCSound@@A) は既に CBoss.obj で定義されています。
CSceneGame.obj : error LNK2005: "class CSound Enemy3Fry" (?Enemy3Fry@@3VCSound@@A) は既に CBoss.obj で定義されています。
CSceneGame.obj : error LNK2005: "class CSound ThirdAttack" (?ThirdAttack@@3VCSound@@A) は既に CBoss.obj で定義されています。
CSceneManager.obj : error LNK2005: "class CSound Damage" (?Damage@@3VCSound@@A) は既に CBoss.obj で定義されています。
CSceneManager.obj : error LNK2005: "class CSound SecondAttack" (?SecondAttack@@3VCSound@@A) は既に CBoss.obj で定義されています。
CSceneManager.obj : error LNK2005: "class CSound JumpAttack" (?JumpAttack@@3VCSound@@A) は既に CBoss.obj で定義されています。
CSceneManager.obj : error LNK2005: "class CSound Enemy2Voice" (?Enemy2Voice@@3VCSound@@A) は既に CBoss.obj で定義されています。
CSceneManager.obj : error LNK2005: "class CSound BossVoice" (?BossVoice@@3VCSound@@A) は既に CBoss.obj で定義されています。
CSceneManager.obj : error LNK2005: "class CSound BossMove" (?BossMove@@3VCSound@@A) は既に CBoss.obj で定義されています。
CSceneManager.obj : error LNK2005: "class CSound FirstAttack" (?FirstAttack@@3VCSound@@A) は既に CBoss.obj で定義されています。
CSceneManager.obj : error LNK2005: "class CSound Enemy3Fry" (?Enemy3Fry@@3VCSound@@A) は既に CBoss.obj で定義されています。
CSceneManager.obj : error LNK2005: "class CSound ThirdAttack" (?ThirdAttack@@3VCSound@@A) は既に CBoss.obj で定義されています。
C:\Users\hiram\OneDrive\デスクトップ\GIT\Git\ゲーム制作３\16Hiramoto\ゲーム制作  プログラム移動先\Release\GameProgramming.exe : fatal error LNK1169: 1 つ以上の複数回定義されているシンボルが見つかりました。
