  CBillBoard.cpp
  CBillboard2.cpp
  CBoss.cpp
  CBossStage.cpp
  CBullet.cpp
  CCamera.cpp
  CCollider.cpp
  CColliderLine.cpp
  CColliderTriangle.cpp
  CCollisionManager.cpp
  CEnemy2.cpp
  CEnemy3.cpp
  CEnemySummon.cpp
  CFlag.cpp
  CItem.cpp
  CMap.cpp
  CPlayer.cpp
  CRock.cpp
  CSceneGame.cpp
  CSceneManager.cpp
  コンパイル中...
  CSceneTitle.cpp
C:\Users\hiram\OneDrive\デスクトップ\GIT\Git\ゲーム制作３．１\16Hiramoto\開発用\GameProgramming\CSceneTitle.cpp(81,7): warning C4101: 'buf': ローカル変数は 1 度も使われていません。
  CShadowMap.cpp
  CTarget.cpp
  CXPlayer.cpp
  コード生成しています。
  9 of 949 functions ( 0.9%) were compiled, the rest were copied from previous compilation.
    0 functions were new in current compilation
    12 functions had inline decision re-evaluated but remain unchanged
  コード生成が終了しました。
  GameProgramming.vcxproj -> C:\Users\hiram\OneDrive\デスクトップ\GIT\Git\ゲーム制作３．１\16Hiramoto\開発用\Release\GameProgramming.exe
